<?xml version="1.0" encoding="UTF-8"?>
<!-- Generated by org.testng.reporters.JUnitReportReporter -->
<testsuite hostname="AswinikumarsMBP.lan" name="twc.Automation.SmokeTestCases.smokeTestCases" tests="73" failures="42" timestamp="3 Dec 2020 06:31:05 GMT" time="1119.005" errors="0">
  <testcase name="Smoke_Test_Verifying_homescreenhourly__adCall_FTL" time="0.384" classname="twc.Automation.SmokeTestCases.smokeTestCases"/>
  <testcase name="Smoke_Test_amazon_aax_Dailydetails_Day4adcall" time="0.137" classname="twc.Automation.SmokeTestCases.smokeTestCases">
    <failure type="java.lang.AssertionError" message="slotID 6c5a145d-9198-48f4-adfd-08f05557eace is not trigred for db_display/details/10day_sun1">
      <![CDATA[java.lang.AssertionError: slotID 6c5a145d-9198-48f4-adfd-08f05557eace is not trigred for db_display/details/10day_sun1
	at org.testng.Assert.fail(Assert.java:94)
	at twc.Automation.General.Functions.get_aaxcal_Daily(Functions.java:3752)
	at twc.Automation.SmokeTestCases.smokeTestCases.Smoke_Test_amazon_aax_Dailydetails_Day4adcall(smokeTestCases.java:802)
	at sun.reflect.NativeMethodAccessorImpl.invoke0(Native Method)
	at sun.reflect.NativeMethodAccessorImpl.invoke(NativeMethodAccessorImpl.java:62)
	at sun.reflect.DelegatingMethodAccessorImpl.invoke(DelegatingMethodAccessorImpl.java:43)
	at java.lang.reflect.Method.invoke(Method.java:498)
	at org.testng.internal.MethodInvocationHelper.invokeMethod(MethodInvocationHelper.java:85)
	at org.testng.internal.Invoker.invokeMethod(Invoker.java:659)
	at org.testng.internal.Invoker.invokeTestMethod(Invoker.java:845)
	at org.testng.internal.Invoker.invokeTestMethods(Invoker.java:1153)
	at org.testng.internal.TestMethodWorker.invokeTestMethods(TestMethodWorker.java:125)
	at org.testng.internal.TestMethodWorker.run(TestMethodWorker.java:108)
	at org.testng.TestRunner.privateRun(TestRunner.java:771)
	at org.testng.TestRunner.run(TestRunner.java:621)
	at org.testng.SuiteRunner.runTest(SuiteRunner.java:357)
	at org.testng.SuiteRunner.runSequentially(SuiteRunner.java:352)
	at org.testng.SuiteRunner.privateRun(SuiteRunner.java:310)
	at org.testng.SuiteRunner.run(SuiteRunner.java:259)
	at org.testng.SuiteRunnerWorker.runSuite(SuiteRunnerWorker.java:52)
	at org.testng.SuiteRunnerWorker.run(SuiteRunnerWorker.java:86)
	at org.testng.TestNG.runSuitesSequentially(TestNG.java:1199)
	at org.testng.TestNG.runSuitesLocally(TestNG.java:1124)
	at org.testng.TestNG.run(TestNG.java:1032)
	at org.testng.remote.AbstractRemoteTestNG.run(AbstractRemoteTestNG.java:115)
	at org.testng.remote.RemoteTestNG.initAndRun(RemoteTestNG.java:251)
	at org.testng.remote.RemoteTestNG.main(RemoteTestNG.java:77)
]]>
    </failure>
  </testcase> <!-- Smoke_Test_amazon_aax_Dailydetails_Day4adcall -->
  <testcase name="Smoke_Test_amazon_aaxSlot_feed1_adCall" time="0.434" classname="twc.Automation.SmokeTestCases.smokeTestCases">
    <failure type="java.lang.AssertionError" message="slotID f4b66249-b6eb-4155-9d90-1e2b04487c99 is not trigred for aax call db_display/feed/feed_1">
      <![CDATA[java.lang.AssertionError: slotID f4b66249-b6eb-4155-9d90-1e2b04487c99 is not trigred for aax call db_display/feed/feed_1
	at org.testng.Assert.fail(Assert.java:94)
	at twc.Automation.General.Functions.get_aaxcal_feed1(Functions.java:6871)
	at twc.Automation.SmokeTestCases.smokeTestCases.Smoke_Test_amazon_aaxSlot_feed1_adCall(smokeTestCases.java:989)
	at sun.reflect.NativeMethodAccessorImpl.invoke0(Native Method)
	at sun.reflect.NativeMethodAccessorImpl.invoke(NativeMethodAccessorImpl.java:62)
	at sun.reflect.DelegatingMethodAccessorImpl.invoke(DelegatingMethodAccessorImpl.java:43)
	at java.lang.reflect.Method.invoke(Method.java:498)
	at org.testng.internal.MethodInvocationHelper.invokeMethod(MethodInvocationHelper.java:85)
	at org.testng.internal.Invoker.invokeMethod(Invoker.java:659)
	at org.testng.internal.Invoker.invokeTestMethod(Invoker.java:845)
	at org.testng.internal.Invoker.invokeTestMethods(Invoker.java:1153)
	at org.testng.internal.TestMethodWorker.invokeTestMethods(TestMethodWorker.java:125)
	at org.testng.internal.TestMethodWorker.run(TestMethodWorker.java:108)
	at org.testng.TestRunner.privateRun(TestRunner.java:771)
	at org.testng.TestRunner.run(TestRunner.java:621)
	at org.testng.SuiteRunner.runTest(SuiteRunner.java:357)
	at org.testng.SuiteRunner.runSequentially(SuiteRunner.java:352)
	at org.testng.SuiteRunner.privateRun(SuiteRunner.java:310)
	at org.testng.SuiteRunner.run(SuiteRunner.java:259)
	at org.testng.SuiteRunnerWorker.runSuite(SuiteRunnerWorker.java:52)
	at org.testng.SuiteRunnerWorker.run(SuiteRunnerWorker.java:86)
	at org.testng.TestNG.runSuitesSequentially(TestNG.java:1199)
	at org.testng.TestNG.runSuitesLocally(TestNG.java:1124)
	at org.testng.TestNG.run(TestNG.java:1032)
	at org.testng.remote.AbstractRemoteTestNG.run(AbstractRemoteTestNG.java:115)
	at org.testng.remote.RemoteTestNG.initAndRun(RemoteTestNG.java:251)
	at org.testng.remote.RemoteTestNG.main(RemoteTestNG.java:77)
]]>
    </failure>
  </testcase> <!-- Smoke_Test_amazon_aaxSlot_feed1_adCall -->
  <testcase name="Smoke_Test_amazon_aax_mapsdetails_adcall" time="0.186" classname="twc.Automation.SmokeTestCases.smokeTestCases">
    <failure type="java.lang.AssertionError" message="slotId 5db1161b-b504-4640-9496-dfe6284f84ab is not trigred for aax call db_display/details/maps">
      <![CDATA[java.lang.AssertionError: slotId 5db1161b-b504-4640-9496-dfe6284f84ab is not trigred for aax call db_display/details/maps
	at org.testng.Assert.fail(Assert.java:94)
	at twc.Automation.General.Functions.get_aaxcal_map_details(Functions.java:3768)
	at twc.Automation.SmokeTestCases.smokeTestCases.Smoke_Test_amazon_aax_mapsdetails_adcall(smokeTestCases.java:1058)
	at sun.reflect.NativeMethodAccessorImpl.invoke0(Native Method)
	at sun.reflect.NativeMethodAccessorImpl.invoke(NativeMethodAccessorImpl.java:62)
	at sun.reflect.DelegatingMethodAccessorImpl.invoke(DelegatingMethodAccessorImpl.java:43)
	at java.lang.reflect.Method.invoke(Method.java:498)
	at org.testng.internal.MethodInvocationHelper.invokeMethod(MethodInvocationHelper.java:85)
	at org.testng.internal.Invoker.invokeMethod(Invoker.java:659)
	at org.testng.internal.Invoker.invokeTestMethod(Invoker.java:845)
	at org.testng.internal.Invoker.invokeTestMethods(Invoker.java:1153)
	at org.testng.internal.TestMethodWorker.invokeTestMethods(TestMethodWorker.java:125)
	at org.testng.internal.TestMethodWorker.run(TestMethodWorker.java:108)
	at org.testng.TestRunner.privateRun(TestRunner.java:771)
	at org.testng.TestRunner.run(TestRunner.java:621)
	at org.testng.SuiteRunner.runTest(SuiteRunner.java:357)
	at org.testng.SuiteRunner.runSequentially(SuiteRunner.java:352)
	at org.testng.SuiteRunner.privateRun(SuiteRunner.java:310)
	at org.testng.SuiteRunner.run(SuiteRunner.java:259)
	at org.testng.SuiteRunnerWorker.runSuite(SuiteRunnerWorker.java:52)
	at org.testng.SuiteRunnerWorker.run(SuiteRunnerWorker.java:86)
	at org.testng.TestNG.runSuitesSequentially(TestNG.java:1199)
	at org.testng.TestNG.runSuitesLocally(TestNG.java:1124)
	at org.testng.TestNG.run(TestNG.java:1032)
	at org.testng.remote.AbstractRemoteTestNG.run(AbstractRemoteTestNG.java:115)
	at org.testng.remote.RemoteTestNG.initAndRun(RemoteTestNG.java:251)
	at org.testng.remote.RemoteTestNG.main(RemoteTestNG.java:77)
]]>
    </failure>
  </testcase> <!-- Smoke_Test_amazon_aax_mapsdetails_adcall -->
  <testcase name="Smoke_Test_Verifying_newdailydetails_day8adcall_FTL" time="12.784" classname="twc.Automation.SmokeTestCases.smokeTestCases"/>
  <testcase name="Smoke_Test_amazon_aax_Hourly3_bigaddetails_adcall" time="0.013" classname="twc.Automation.SmokeTestCases.smokeTestCases">
    <failure type="java.lang.AssertionError" message="slotID :: 2634dc9-b59f-4b2c-b281-bb3be291b7b6 is not trigred for aax call db_display/details/hourly3">
      <![CDATA[java.lang.AssertionError: slotID :: 2634dc9-b59f-4b2c-b281-bb3be291b7b6 is not trigred for aax call db_display/details/hourly3
	at org.testng.Assert.fail(Assert.java:94)
	at twc.Automation.General.Functions.get_aaxcal_Hourly3(Functions.java:3720)
	at twc.Automation.SmokeTestCases.smokeTestCases.Smoke_Test_amazon_aax_Hourly3_bigaddetails_adcall(smokeTestCases.java:749)
	at sun.reflect.NativeMethodAccessorImpl.invoke0(Native Method)
	at sun.reflect.NativeMethodAccessorImpl.invoke(NativeMethodAccessorImpl.java:62)
	at sun.reflect.DelegatingMethodAccessorImpl.invoke(DelegatingMethodAccessorImpl.java:43)
	at java.lang.reflect.Method.invoke(Method.java:498)
	at org.testng.internal.MethodInvocationHelper.invokeMethod(MethodInvocationHelper.java:85)
	at org.testng.internal.Invoker.invokeMethod(Invoker.java:659)
	at org.testng.internal.Invoker.invokeTestMethod(Invoker.java:845)
	at org.testng.internal.Invoker.invokeTestMethods(Invoker.java:1153)
	at org.testng.internal.TestMethodWorker.invokeTestMethods(TestMethodWorker.java:125)
	at org.testng.internal.TestMethodWorker.run(TestMethodWorker.java:108)
	at org.testng.TestRunner.privateRun(TestRunner.java:771)
	at org.testng.TestRunner.run(TestRunner.java:621)
	at org.testng.SuiteRunner.runTest(SuiteRunner.java:357)
	at org.testng.SuiteRunner.runSequentially(SuiteRunner.java:352)
	at org.testng.SuiteRunner.privateRun(SuiteRunner.java:310)
	at org.testng.SuiteRunner.run(SuiteRunner.java:259)
	at org.testng.SuiteRunnerWorker.runSuite(SuiteRunnerWorker.java:52)
	at org.testng.SuiteRunnerWorker.run(SuiteRunnerWorker.java:86)
	at org.testng.TestNG.runSuitesSequentially(TestNG.java:1199)
	at org.testng.TestNG.runSuitesLocally(TestNG.java:1124)
	at org.testng.TestNG.run(TestNG.java:1032)
	at org.testng.remote.AbstractRemoteTestNG.run(AbstractRemoteTestNG.java:115)
	at org.testng.remote.RemoteTestNG.initAndRun(RemoteTestNG.java:251)
	at org.testng.remote.RemoteTestNG.main(RemoteTestNG.java:77)
]]>
    </failure>
  </testcase> <!-- Smoke_Test_amazon_aax_Hourly3_bigaddetails_adcall -->
  <testcase name="Smoke_Test_amazon_aaxSlot_feed3_adcall" time="0.189" classname="twc.Automation.SmokeTestCases.smokeTestCases">
    <failure type="java.lang.AssertionError" message="slotID 9384272f-b27f-4686-935f-02e6c5763abd is not trigred for aax call db_display/feed/feed_3">
      <![CDATA[java.lang.AssertionError: slotID 9384272f-b27f-4686-935f-02e6c5763abd is not trigred for aax call db_display/feed/feed_3
	at org.testng.Assert.fail(Assert.java:94)
	at twc.Automation.General.Functions.get_aaxcal_feed3(Functions.java:6922)
	at twc.Automation.SmokeTestCases.smokeTestCases.Smoke_Test_amazon_aaxSlot_feed3_adcall(smokeTestCases.java:1013)
	at sun.reflect.NativeMethodAccessorImpl.invoke0(Native Method)
	at sun.reflect.NativeMethodAccessorImpl.invoke(NativeMethodAccessorImpl.java:62)
	at sun.reflect.DelegatingMethodAccessorImpl.invoke(DelegatingMethodAccessorImpl.java:43)
	at java.lang.reflect.Method.invoke(Method.java:498)
	at org.testng.internal.MethodInvocationHelper.invokeMethod(MethodInvocationHelper.java:85)
	at org.testng.internal.Invoker.invokeMethod(Invoker.java:659)
	at org.testng.internal.Invoker.invokeTestMethod(Invoker.java:845)
	at org.testng.internal.Invoker.invokeTestMethods(Invoker.java:1153)
	at org.testng.internal.TestMethodWorker.invokeTestMethods(TestMethodWorker.java:125)
	at org.testng.internal.TestMethodWorker.run(TestMethodWorker.java:108)
	at org.testng.TestRunner.privateRun(TestRunner.java:771)
	at org.testng.TestRunner.run(TestRunner.java:621)
	at org.testng.SuiteRunner.runTest(SuiteRunner.java:357)
	at org.testng.SuiteRunner.runSequentially(SuiteRunner.java:352)
	at org.testng.SuiteRunner.privateRun(SuiteRunner.java:310)
	at org.testng.SuiteRunner.run(SuiteRunner.java:259)
	at org.testng.SuiteRunnerWorker.runSuite(SuiteRunnerWorker.java:52)
	at org.testng.SuiteRunnerWorker.run(SuiteRunnerWorker.java:86)
	at org.testng.TestNG.runSuitesSequentially(TestNG.java:1199)
	at org.testng.TestNG.runSuitesLocally(TestNG.java:1124)
	at org.testng.TestNG.run(TestNG.java:1032)
	at org.testng.remote.AbstractRemoteTestNG.run(AbstractRemoteTestNG.java:115)
	at org.testng.remote.RemoteTestNG.initAndRun(RemoteTestNG.java:251)
	at org.testng.remote.RemoteTestNG.main(RemoteTestNG.java:77)
]]>
    </failure>
  </testcase> <!-- Smoke_Test_amazon_aaxSlot_feed3_adcall -->
  <testcase name="Smoke_Test_amazon_aax_Hourly_preroll_adcall_killLaunch" time="0.059" classname="twc.Automation.SmokeTestCases.smokeTestCases">
    <failure type="java.lang.AssertionError" message="slotID ::  9be28769-4207-4d51-8063-dc8e645383b2 is not trigred for aax call db_display/details/hourly">
      <![CDATA[java.lang.AssertionError: slotID ::  9be28769-4207-4d51-8063-dc8e645383b2 is not trigred for aax call db_display/details/hourly
	at org.testng.Assert.fail(Assert.java:94)
	at twc.Automation.General.Functions.get_aaxcal_Hourly(Functions.java:3665)
	at twc.Automation.SmokeTestCases.smokeTestCases.Smoke_Test_amazon_aax_Hourly_preroll_adcall_killLaunch(smokeTestCases.java:606)
	at sun.reflect.NativeMethodAccessorImpl.invoke0(Native Method)
	at sun.reflect.NativeMethodAccessorImpl.invoke(NativeMethodAccessorImpl.java:62)
	at sun.reflect.DelegatingMethodAccessorImpl.invoke(DelegatingMethodAccessorImpl.java:43)
	at java.lang.reflect.Method.invoke(Method.java:498)
	at org.testng.internal.MethodInvocationHelper.invokeMethod(MethodInvocationHelper.java:85)
	at org.testng.internal.Invoker.invokeMethod(Invoker.java:659)
	at org.testng.internal.Invoker.invokeTestMethod(Invoker.java:845)
	at org.testng.internal.Invoker.invokeTestMethods(Invoker.java:1153)
	at org.testng.internal.TestMethodWorker.invokeTestMethods(TestMethodWorker.java:125)
	at org.testng.internal.TestMethodWorker.run(TestMethodWorker.java:108)
	at org.testng.TestRunner.privateRun(TestRunner.java:771)
	at org.testng.TestRunner.run(TestRunner.java:621)
	at org.testng.SuiteRunner.runTest(SuiteRunner.java:357)
	at org.testng.SuiteRunner.runSequentially(SuiteRunner.java:352)
	at org.testng.SuiteRunner.privateRun(SuiteRunner.java:310)
	at org.testng.SuiteRunner.run(SuiteRunner.java:259)
	at org.testng.SuiteRunnerWorker.runSuite(SuiteRunnerWorker.java:52)
	at org.testng.SuiteRunnerWorker.run(SuiteRunnerWorker.java:86)
	at org.testng.TestNG.runSuitesSequentially(TestNG.java:1199)
	at org.testng.TestNG.runSuitesLocally(TestNG.java:1124)
	at org.testng.TestNG.run(TestNG.java:1032)
	at org.testng.remote.AbstractRemoteTestNG.run(AbstractRemoteTestNG.java:115)
	at org.testng.remote.RemoteTestNG.initAndRun(RemoteTestNG.java:251)
	at org.testng.remote.RemoteTestNG.main(RemoteTestNG.java:77)
]]>
    </failure>
  </testcase> <!-- Smoke_Test_amazon_aax_Hourly_preroll_adcall_killLaunch -->
  <testcase name="Smoke_Test_amazon_aaxSlot_feed1_preroladcall_killLaunch" time="0.069" classname="twc.Automation.SmokeTestCases.smokeTestCases">
    <failure type="java.lang.AssertionError" message="slotID f4b66249-b6eb-4155-9d90-1e2b04487c99 is not trigred for aax call db_display/feed/feed_1">
      <![CDATA[java.lang.AssertionError: slotID f4b66249-b6eb-4155-9d90-1e2b04487c99 is not trigred for aax call db_display/feed/feed_1
	at org.testng.Assert.fail(Assert.java:94)
	at twc.Automation.General.Functions.get_aaxcal_feed1(Functions.java:6871)
	at twc.Automation.SmokeTestCases.smokeTestCases.Smoke_Test_amazon_aaxSlot_feed1_preroladcall_killLaunch(smokeTestCases.java:676)
	at sun.reflect.NativeMethodAccessorImpl.invoke0(Native Method)
	at sun.reflect.NativeMethodAccessorImpl.invoke(NativeMethodAccessorImpl.java:62)
	at sun.reflect.DelegatingMethodAccessorImpl.invoke(DelegatingMethodAccessorImpl.java:43)
	at java.lang.reflect.Method.invoke(Method.java:498)
	at org.testng.internal.MethodInvocationHelper.invokeMethod(MethodInvocationHelper.java:85)
	at org.testng.internal.Invoker.invokeMethod(Invoker.java:659)
	at org.testng.internal.Invoker.invokeTestMethod(Invoker.java:845)
	at org.testng.internal.Invoker.invokeTestMethods(Invoker.java:1153)
	at org.testng.internal.TestMethodWorker.invokeTestMethods(TestMethodWorker.java:125)
	at org.testng.internal.TestMethodWorker.run(TestMethodWorker.java:108)
	at org.testng.TestRunner.privateRun(TestRunner.java:771)
	at org.testng.TestRunner.run(TestRunner.java:621)
	at org.testng.SuiteRunner.runTest(SuiteRunner.java:357)
	at org.testng.SuiteRunner.runSequentially(SuiteRunner.java:352)
	at org.testng.SuiteRunner.privateRun(SuiteRunner.java:310)
	at org.testng.SuiteRunner.run(SuiteRunner.java:259)
	at org.testng.SuiteRunnerWorker.runSuite(SuiteRunnerWorker.java:52)
	at org.testng.SuiteRunnerWorker.run(SuiteRunnerWorker.java:86)
	at org.testng.TestNG.runSuitesSequentially(TestNG.java:1199)
	at org.testng.TestNG.runSuitesLocally(TestNG.java:1124)
	at org.testng.TestNG.run(TestNG.java:1032)
	at org.testng.remote.AbstractRemoteTestNG.run(AbstractRemoteTestNG.java:115)
	at org.testng.remote.RemoteTestNG.initAndRun(RemoteTestNG.java:251)
	at org.testng.remote.RemoteTestNG.main(RemoteTestNG.java:77)
]]>
    </failure>
  </testcase> <!-- Smoke_Test_amazon_aaxSlot_feed1_preroladcall_killLaunch -->
  <testcase name="Smoke_Test_amazon_aax_Dailydetails_Day7adcall" time="0.133" classname="twc.Automation.SmokeTestCases.smokeTestCases">
    <failure type="java.lang.AssertionError" message="slotID 6c5a145d-9198-48f4-adfd-08f05557eace is not trigred for db_display/details/10day_wed1">
      <![CDATA[java.lang.AssertionError: slotID 6c5a145d-9198-48f4-adfd-08f05557eace is not trigred for db_display/details/10day_wed1
	at org.testng.Assert.fail(Assert.java:94)
	at twc.Automation.General.Functions.get_aaxcal_Daily(Functions.java:3752)
	at twc.Automation.SmokeTestCases.smokeTestCases.Smoke_Test_amazon_aax_Dailydetails_Day7adcall(smokeTestCases.java:837)
	at sun.reflect.NativeMethodAccessorImpl.invoke0(Native Method)
	at sun.reflect.NativeMethodAccessorImpl.invoke(NativeMethodAccessorImpl.java:62)
	at sun.reflect.DelegatingMethodAccessorImpl.invoke(DelegatingMethodAccessorImpl.java:43)
	at java.lang.reflect.Method.invoke(Method.java:498)
	at org.testng.internal.MethodInvocationHelper.invokeMethod(MethodInvocationHelper.java:85)
	at org.testng.internal.Invoker.invokeMethod(Invoker.java:659)
	at org.testng.internal.Invoker.invokeTestMethod(Invoker.java:845)
	at org.testng.internal.Invoker.invokeTestMethods(Invoker.java:1153)
	at org.testng.internal.TestMethodWorker.invokeTestMethods(TestMethodWorker.java:125)
	at org.testng.internal.TestMethodWorker.run(TestMethodWorker.java:108)
	at org.testng.TestRunner.privateRun(TestRunner.java:771)
	at org.testng.TestRunner.run(TestRunner.java:621)
	at org.testng.SuiteRunner.runTest(SuiteRunner.java:357)
	at org.testng.SuiteRunner.runSequentially(SuiteRunner.java:352)
	at org.testng.SuiteRunner.privateRun(SuiteRunner.java:310)
	at org.testng.SuiteRunner.run(SuiteRunner.java:259)
	at org.testng.SuiteRunnerWorker.runSuite(SuiteRunnerWorker.java:52)
	at org.testng.SuiteRunnerWorker.run(SuiteRunnerWorker.java:86)
	at org.testng.TestNG.runSuitesSequentially(TestNG.java:1199)
	at org.testng.TestNG.runSuitesLocally(TestNG.java:1124)
	at org.testng.TestNG.run(TestNG.java:1032)
	at org.testng.remote.AbstractRemoteTestNG.run(AbstractRemoteTestNG.java:115)
	at org.testng.remote.RemoteTestNG.initAndRun(RemoteTestNG.java:251)
	at org.testng.remote.RemoteTestNG.main(RemoteTestNG.java:77)
]]>
    </failure>
  </testcase> <!-- Smoke_Test_amazon_aax_Dailydetails_Day7adcall -->
  <testcase name="Smoke_Test_amazon_aax_Hourly2_bigaddetails_preroll_adcall_killLaunch" time="0.055" classname="twc.Automation.SmokeTestCases.smokeTestCases">
    <failure type="java.lang.AssertionError" message="slotID :: 4fbed16a-cc6f-4cb1-94f7-81465acbd47edis not trigred for aax call db_display/details/hourly2">
      <![CDATA[java.lang.AssertionError: slotID :: 4fbed16a-cc6f-4cb1-94f7-81465acbd47edis not trigred for aax call db_display/details/hourly2
	at org.testng.Assert.fail(Assert.java:94)
	at twc.Automation.General.Functions.get_aaxcal_Hourly2(Functions.java:3701)
	at twc.Automation.SmokeTestCases.smokeTestCases.Smoke_Test_amazon_aax_Hourly2_bigaddetails_preroll_adcall_killLaunch(smokeTestCases.java:629)
	at sun.reflect.NativeMethodAccessorImpl.invoke0(Native Method)
	at sun.reflect.NativeMethodAccessorImpl.invoke(NativeMethodAccessorImpl.java:62)
	at sun.reflect.DelegatingMethodAccessorImpl.invoke(DelegatingMethodAccessorImpl.java:43)
	at java.lang.reflect.Method.invoke(Method.java:498)
	at org.testng.internal.MethodInvocationHelper.invokeMethod(MethodInvocationHelper.java:85)
	at org.testng.internal.Invoker.invokeMethod(Invoker.java:659)
	at org.testng.internal.Invoker.invokeTestMethod(Invoker.java:845)
	at org.testng.internal.Invoker.invokeTestMethods(Invoker.java:1153)
	at org.testng.internal.TestMethodWorker.invokeTestMethods(TestMethodWorker.java:125)
	at org.testng.internal.TestMethodWorker.run(TestMethodWorker.java:108)
	at org.testng.TestRunner.privateRun(TestRunner.java:771)
	at org.testng.TestRunner.run(TestRunner.java:621)
	at org.testng.SuiteRunner.runTest(SuiteRunner.java:357)
	at org.testng.SuiteRunner.runSequentially(SuiteRunner.java:352)
	at org.testng.SuiteRunner.privateRun(SuiteRunner.java:310)
	at org.testng.SuiteRunner.run(SuiteRunner.java:259)
	at org.testng.SuiteRunnerWorker.runSuite(SuiteRunnerWorker.java:52)
	at org.testng.SuiteRunnerWorker.run(SuiteRunnerWorker.java:86)
	at org.testng.TestNG.runSuitesSequentially(TestNG.java:1199)
	at org.testng.TestNG.runSuitesLocally(TestNG.java:1124)
	at org.testng.TestNG.run(TestNG.java:1032)
	at org.testng.remote.AbstractRemoteTestNG.run(AbstractRemoteTestNG.java:115)
	at org.testng.remote.RemoteTestNG.initAndRun(RemoteTestNG.java:251)
	at org.testng.remote.RemoteTestNG.main(RemoteTestNG.java:77)
]]>
    </failure>
  </testcase> <!-- Smoke_Test_amazon_aax_Hourly2_bigaddetails_preroll_adcall_killLaunch -->
  <testcase name="Smoke_Test_amazon_aax_Airquality_deatailcard" time="0.193" classname="twc.Automation.SmokeTestCases.smokeTestCases">
    <failure type="java.lang.AssertionError" message="slotId 9aec4232-00c6-476b-8bbf-e66ecbd57edb is not trigred for aax call db_display/content/aq">
      <![CDATA[java.lang.AssertionError: slotId 9aec4232-00c6-476b-8bbf-e66ecbd57edb is not trigred for aax call db_display/content/aq
	at org.testng.Assert.fail(Assert.java:94)
	at twc.Automation.General.Functions.get_aaxcal_aq(Functions.java:3959)
	at twc.Automation.SmokeTestCases.smokeTestCases.Smoke_Test_amazon_aax_Airquality_deatailcard(smokeTestCases.java:1104)
	at sun.reflect.NativeMethodAccessorImpl.invoke0(Native Method)
	at sun.reflect.NativeMethodAccessorImpl.invoke(NativeMethodAccessorImpl.java:62)
	at sun.reflect.DelegatingMethodAccessorImpl.invoke(DelegatingMethodAccessorImpl.java:43)
	at java.lang.reflect.Method.invoke(Method.java:498)
	at org.testng.internal.MethodInvocationHelper.invokeMethod(MethodInvocationHelper.java:85)
	at org.testng.internal.Invoker.invokeMethod(Invoker.java:659)
	at org.testng.internal.Invoker.invokeTestMethod(Invoker.java:845)
	at org.testng.internal.Invoker.invokeTestMethods(Invoker.java:1153)
	at org.testng.internal.TestMethodWorker.invokeTestMethods(TestMethodWorker.java:125)
	at org.testng.internal.TestMethodWorker.run(TestMethodWorker.java:108)
	at org.testng.TestRunner.privateRun(TestRunner.java:771)
	at org.testng.TestRunner.run(TestRunner.java:621)
	at org.testng.SuiteRunner.runTest(SuiteRunner.java:357)
	at org.testng.SuiteRunner.runSequentially(SuiteRunner.java:352)
	at org.testng.SuiteRunner.privateRun(SuiteRunner.java:310)
	at org.testng.SuiteRunner.run(SuiteRunner.java:259)
	at org.testng.SuiteRunnerWorker.runSuite(SuiteRunnerWorker.java:52)
	at org.testng.SuiteRunnerWorker.run(SuiteRunnerWorker.java:86)
	at org.testng.TestNG.runSuitesSequentially(TestNG.java:1199)
	at org.testng.TestNG.runSuitesLocally(TestNG.java:1124)
	at org.testng.TestNG.run(TestNG.java:1032)
	at org.testng.remote.AbstractRemoteTestNG.run(AbstractRemoteTestNG.java:115)
	at org.testng.remote.RemoteTestNG.initAndRun(RemoteTestNG.java:251)
	at org.testng.remote.RemoteTestNG.main(RemoteTestNG.java:77)
]]>
    </failure>
  </testcase> <!-- Smoke_Test_amazon_aax_Airquality_deatailcard -->
  <testcase name="Smoke_Test_Verify_health_and_activities_Allergy_contenPage_adcall_FTL" time="0.281" classname="twc.Automation.SmokeTestCases.smokeTestCases"/>
  <testcase name="Smoke_Test_verifying_feed_3adCall_FTL" time="0.216" classname="twc.Automation.SmokeTestCases.smokeTestCases"/>
  <testcase name="Smoke_Test_amazon_aax_Dailydetails_Day10adcall" time="0.133" classname="twc.Automation.SmokeTestCases.smokeTestCases">
    <failure type="java.lang.AssertionError" message="slotID 6c5a145d-9198-48f4-adfd-08f05557eace is not trigred for db_display/details/10day_sat2">
      <![CDATA[java.lang.AssertionError: slotID 6c5a145d-9198-48f4-adfd-08f05557eace is not trigred for db_display/details/10day_sat2
	at org.testng.Assert.fail(Assert.java:94)
	at twc.Automation.General.Functions.get_aaxcal_Daily(Functions.java:3752)
	at twc.Automation.SmokeTestCases.smokeTestCases.Smoke_Test_amazon_aax_Dailydetails_Day10adcall(smokeTestCases.java:876)
	at sun.reflect.NativeMethodAccessorImpl.invoke0(Native Method)
	at sun.reflect.NativeMethodAccessorImpl.invoke(NativeMethodAccessorImpl.java:62)
	at sun.reflect.DelegatingMethodAccessorImpl.invoke(DelegatingMethodAccessorImpl.java:43)
	at java.lang.reflect.Method.invoke(Method.java:498)
	at org.testng.internal.MethodInvocationHelper.invokeMethod(MethodInvocationHelper.java:85)
	at org.testng.internal.Invoker.invokeMethod(Invoker.java:659)
	at org.testng.internal.Invoker.invokeTestMethod(Invoker.java:845)
	at org.testng.internal.Invoker.invokeTestMethods(Invoker.java:1153)
	at org.testng.internal.TestMethodWorker.invokeTestMethods(TestMethodWorker.java:125)
	at org.testng.internal.TestMethodWorker.run(TestMethodWorker.java:108)
	at org.testng.TestRunner.privateRun(TestRunner.java:771)
	at org.testng.TestRunner.run(TestRunner.java:621)
	at org.testng.SuiteRunner.runTest(SuiteRunner.java:357)
	at org.testng.SuiteRunner.runSequentially(SuiteRunner.java:352)
	at org.testng.SuiteRunner.privateRun(SuiteRunner.java:310)
	at org.testng.SuiteRunner.run(SuiteRunner.java:259)
	at org.testng.SuiteRunnerWorker.runSuite(SuiteRunnerWorker.java:52)
	at org.testng.SuiteRunnerWorker.run(SuiteRunnerWorker.java:86)
	at org.testng.TestNG.runSuitesSequentially(TestNG.java:1199)
	at org.testng.TestNG.runSuitesLocally(TestNG.java:1124)
	at org.testng.TestNG.run(TestNG.java:1032)
	at org.testng.remote.AbstractRemoteTestNG.run(AbstractRemoteTestNG.java:115)
	at org.testng.remote.RemoteTestNG.initAndRun(RemoteTestNG.java:251)
	at org.testng.remote.RemoteTestNG.main(RemoteTestNG.java:77)
]]>
    </failure>
  </testcase> <!-- Smoke_Test_amazon_aax_Dailydetails_Day10adcall -->
  <testcase name="Smoke_Test_verifying_feed_2adcall_FTL" time="0.228" classname="twc.Automation.SmokeTestCases.smokeTestCases"/>
  <testcase name="Smoke_Test_Verifying_newdailydetails_day10adcall_FTL" time="12.706" classname="twc.Automation.SmokeTestCases.smokeTestCases"/>
  <testcase name="Smoke_Test_amazon_aax_Dailydetails_Day13adcall" time="0.112" classname="twc.Automation.SmokeTestCases.smokeTestCases">
    <failure type="java.lang.AssertionError" message="slotID 6c5a145d-9198-48f4-adfd-08f05557eace is not trigred for db_display/details/10day_tue2">
      <![CDATA[java.lang.AssertionError: slotID 6c5a145d-9198-48f4-adfd-08f05557eace is not trigred for db_display/details/10day_tue2
	at org.testng.Assert.fail(Assert.java:94)
	at twc.Automation.General.Functions.get_aaxcal_Daily(Functions.java:3752)
	at twc.Automation.SmokeTestCases.smokeTestCases.Smoke_Test_amazon_aax_Dailydetails_Day13adcall(smokeTestCases.java:913)
	at sun.reflect.NativeMethodAccessorImpl.invoke0(Native Method)
	at sun.reflect.NativeMethodAccessorImpl.invoke(NativeMethodAccessorImpl.java:62)
	at sun.reflect.DelegatingMethodAccessorImpl.invoke(DelegatingMethodAccessorImpl.java:43)
	at java.lang.reflect.Method.invoke(Method.java:498)
	at org.testng.internal.MethodInvocationHelper.invokeMethod(MethodInvocationHelper.java:85)
	at org.testng.internal.Invoker.invokeMethod(Invoker.java:659)
	at org.testng.internal.Invoker.invokeTestMethod(Invoker.java:845)
	at org.testng.internal.Invoker.invokeTestMethods(Invoker.java:1153)
	at org.testng.internal.TestMethodWorker.invokeTestMethods(TestMethodWorker.java:125)
	at org.testng.internal.TestMethodWorker.run(TestMethodWorker.java:108)
	at org.testng.TestRunner.privateRun(TestRunner.java:771)
	at org.testng.TestRunner.run(TestRunner.java:621)
	at org.testng.SuiteRunner.runTest(SuiteRunner.java:357)
	at org.testng.SuiteRunner.runSequentially(SuiteRunner.java:352)
	at org.testng.SuiteRunner.privateRun(SuiteRunner.java:310)
	at org.testng.SuiteRunner.run(SuiteRunner.java:259)
	at org.testng.SuiteRunnerWorker.runSuite(SuiteRunnerWorker.java:52)
	at org.testng.SuiteRunnerWorker.run(SuiteRunnerWorker.java:86)
	at org.testng.TestNG.runSuitesSequentially(TestNG.java:1199)
	at org.testng.TestNG.runSuitesLocally(TestNG.java:1124)
	at org.testng.TestNG.run(TestNG.java:1032)
	at org.testng.remote.AbstractRemoteTestNG.run(AbstractRemoteTestNG.java:115)
	at org.testng.remote.RemoteTestNG.initAndRun(RemoteTestNG.java:251)
	at org.testng.remote.RemoteTestNG.main(RemoteTestNG.java:77)
]]>
    </failure>
  </testcase> <!-- Smoke_Test_amazon_aax_Dailydetails_Day13adcall -->
  <testcase name="Smoke_Test_Verifying_newdailydetails_day3adcall_FTL" time="9.709" classname="twc.Automation.SmokeTestCases.smokeTestCases">
    <failure type="java.lang.AssertionError" message="daily details ad call was not trigred">
      <![CDATA[java.lang.AssertionError: daily details ad call was not trigred
	at org.testng.Assert.fail(Assert.java:94)
	at twc.Automation.General.Functions.verifyingdailydetailiu(Functions.java:5783)
	at twc.Automation.SmokeTestCases.smokeTestCases.Smoke_Test_Verifying_newdailydetails_day3adcall_FTL(smokeTestCases.java:363)
	at sun.reflect.NativeMethodAccessorImpl.invoke0(Native Method)
	at sun.reflect.NativeMethodAccessorImpl.invoke(NativeMethodAccessorImpl.java:62)
	at sun.reflect.DelegatingMethodAccessorImpl.invoke(DelegatingMethodAccessorImpl.java:43)
	at java.lang.reflect.Method.invoke(Method.java:498)
	at org.testng.internal.MethodInvocationHelper.invokeMethod(MethodInvocationHelper.java:85)
	at org.testng.internal.Invoker.invokeMethod(Invoker.java:659)
	at org.testng.internal.Invoker.invokeTestMethod(Invoker.java:845)
	at org.testng.internal.Invoker.invokeTestMethods(Invoker.java:1153)
	at org.testng.internal.TestMethodWorker.invokeTestMethods(TestMethodWorker.java:125)
	at org.testng.internal.TestMethodWorker.run(TestMethodWorker.java:108)
	at org.testng.TestRunner.privateRun(TestRunner.java:771)
	at org.testng.TestRunner.run(TestRunner.java:621)
	at org.testng.SuiteRunner.runTest(SuiteRunner.java:357)
	at org.testng.SuiteRunner.runSequentially(SuiteRunner.java:352)
	at org.testng.SuiteRunner.privateRun(SuiteRunner.java:310)
	at org.testng.SuiteRunner.run(SuiteRunner.java:259)
	at org.testng.SuiteRunnerWorker.runSuite(SuiteRunnerWorker.java:52)
	at org.testng.SuiteRunnerWorker.run(SuiteRunnerWorker.java:86)
	at org.testng.TestNG.runSuitesSequentially(TestNG.java:1199)
	at org.testng.TestNG.runSuitesLocally(TestNG.java:1124)
	at org.testng.TestNG.run(TestNG.java:1032)
	at org.testng.remote.AbstractRemoteTestNG.run(AbstractRemoteTestNG.java:115)
	at org.testng.remote.RemoteTestNG.initAndRun(RemoteTestNG.java:251)
	at org.testng.remote.RemoteTestNG.main(RemoteTestNG.java:77)
]]>
    </failure>
  </testcase> <!-- Smoke_Test_Verifying_newdailydetails_day3adcall_FTL -->
  <testcase name="Smoke_Test_Verifying_newdailydetails_day7adcall_FTL" time="9.841" classname="twc.Automation.SmokeTestCases.smokeTestCases">
    <failure type="java.lang.AssertionError" message="null is not matched with wed1">
      <![CDATA[java.lang.AssertionError: null is not matched with wed1
	at org.testng.Assert.fail(Assert.java:94)
	at twc.Automation.General.Functions.verifyingdailydetailiu(Functions.java:5804)
	at twc.Automation.SmokeTestCases.smokeTestCases.Smoke_Test_Verifying_newdailydetails_day7adcall_FTL(smokeTestCases.java:420)
	at sun.reflect.NativeMethodAccessorImpl.invoke0(Native Method)
	at sun.reflect.NativeMethodAccessorImpl.invoke(NativeMethodAccessorImpl.java:62)
	at sun.reflect.DelegatingMethodAccessorImpl.invoke(DelegatingMethodAccessorImpl.java:43)
	at java.lang.reflect.Method.invoke(Method.java:498)
	at org.testng.internal.MethodInvocationHelper.invokeMethod(MethodInvocationHelper.java:85)
	at org.testng.internal.Invoker.invokeMethod(Invoker.java:659)
	at org.testng.internal.Invoker.invokeTestMethod(Invoker.java:845)
	at org.testng.internal.Invoker.invokeTestMethods(Invoker.java:1153)
	at org.testng.internal.TestMethodWorker.invokeTestMethods(TestMethodWorker.java:125)
	at org.testng.internal.TestMethodWorker.run(TestMethodWorker.java:108)
	at org.testng.TestRunner.privateRun(TestRunner.java:771)
	at org.testng.TestRunner.run(TestRunner.java:621)
	at org.testng.SuiteRunner.runTest(SuiteRunner.java:357)
	at org.testng.SuiteRunner.runSequentially(SuiteRunner.java:352)
	at org.testng.SuiteRunner.privateRun(SuiteRunner.java:310)
	at org.testng.SuiteRunner.run(SuiteRunner.java:259)
	at org.testng.SuiteRunnerWorker.runSuite(SuiteRunnerWorker.java:52)
	at org.testng.SuiteRunnerWorker.run(SuiteRunnerWorker.java:86)
	at org.testng.TestNG.runSuitesSequentially(TestNG.java:1199)
	at org.testng.TestNG.runSuitesLocally(TestNG.java:1124)
	at org.testng.TestNG.run(TestNG.java:1032)
	at org.testng.remote.AbstractRemoteTestNG.run(AbstractRemoteTestNG.java:115)
	at org.testng.remote.RemoteTestNG.initAndRun(RemoteTestNG.java:251)
	at org.testng.remote.RemoteTestNG.main(RemoteTestNG.java:77)
]]>
    </failure>
  </testcase> <!-- Smoke_Test_Verifying_newdailydetails_day7adcall_FTL -->
  <testcase name="Smoke_Test_Verifying_homescreenhourly_pulltoreresh_scenario_killLaunch" time="50.473" classname="twc.Automation.SmokeTestCases.smokeTestCases">
    <failure type="java.lang.AssertionError" message="/7646/app_android_us/db_display/home_screen/hourly call was not trigred">
      <![CDATA[java.lang.AssertionError: /7646/app_android_us/db_display/home_screen/hourly call was not trigred
	at org.testng.Assert.fail(Assert.java:94)
	at twc.Automation.General.Functions.finding_Homescreen_iu_value(Functions.java:2339)
	at twc.Automation.SmokeTestCases.smokeTestCases.Smoke_Test_Verifying_homescreenhourly_pulltoreresh_scenario_killLaunch(smokeTestCases.java:963)
	at sun.reflect.NativeMethodAccessorImpl.invoke0(Native Method)
	at sun.reflect.NativeMethodAccessorImpl.invoke(NativeMethodAccessorImpl.java:62)
	at sun.reflect.DelegatingMethodAccessorImpl.invoke(DelegatingMethodAccessorImpl.java:43)
	at java.lang.reflect.Method.invoke(Method.java:498)
	at org.testng.internal.MethodInvocationHelper.invokeMethod(MethodInvocationHelper.java:85)
	at org.testng.internal.Invoker.invokeMethod(Invoker.java:659)
	at org.testng.internal.Invoker.invokeTestMethod(Invoker.java:845)
	at org.testng.internal.Invoker.invokeTestMethods(Invoker.java:1153)
	at org.testng.internal.TestMethodWorker.invokeTestMethods(TestMethodWorker.java:125)
	at org.testng.internal.TestMethodWorker.run(TestMethodWorker.java:108)
	at org.testng.TestRunner.privateRun(TestRunner.java:771)
	at org.testng.TestRunner.run(TestRunner.java:621)
	at org.testng.SuiteRunner.runTest(SuiteRunner.java:357)
	at org.testng.SuiteRunner.runSequentially(SuiteRunner.java:352)
	at org.testng.SuiteRunner.privateRun(SuiteRunner.java:310)
	at org.testng.SuiteRunner.run(SuiteRunner.java:259)
	at org.testng.SuiteRunnerWorker.runSuite(SuiteRunnerWorker.java:52)
	at org.testng.SuiteRunnerWorker.run(SuiteRunnerWorker.java:86)
	at org.testng.TestNG.runSuitesSequentially(TestNG.java:1199)
	at org.testng.TestNG.runSuitesLocally(TestNG.java:1124)
	at org.testng.TestNG.run(TestNG.java:1032)
	at org.testng.remote.AbstractRemoteTestNG.run(AbstractRemoteTestNG.java:115)
	at org.testng.remote.RemoteTestNG.initAndRun(RemoteTestNG.java:251)
	at org.testng.remote.RemoteTestNG.main(RemoteTestNG.java:77)
]]>
    </failure>
  </testcase> <!-- Smoke_Test_Verifying_homescreenhourly_pulltoreresh_scenario_killLaunch -->
  <testcase name="Smoke_Test_Verify_outdoor_detailpage_adcall_FTL" time="0.169" classname="twc.Automation.SmokeTestCases.smokeTestCases"/>
  <testcase name="Smoke_Test_Verifying_newdailydetails_day14adcall_FTL" time="12.820" classname="twc.Automation.SmokeTestCases.smokeTestCases"/>
  <testcase name="Smoke_Test_amazon_aax_Hourly2_bigaddetails_adcall" time="0.013" classname="twc.Automation.SmokeTestCases.smokeTestCases">
    <failure type="java.lang.AssertionError" message="slotID :: 4fbed16a-cc6f-4cb1-94f7-81465acbd47edis not trigred for aax call db_display/details/hourly2">
      <![CDATA[java.lang.AssertionError: slotID :: 4fbed16a-cc6f-4cb1-94f7-81465acbd47edis not trigred for aax call db_display/details/hourly2
	at org.testng.Assert.fail(Assert.java:94)
	at twc.Automation.General.Functions.get_aaxcal_Hourly2(Functions.java:3701)
	at twc.Automation.SmokeTestCases.smokeTestCases.Smoke_Test_amazon_aax_Hourly2_bigaddetails_adcall(smokeTestCases.java:737)
	at sun.reflect.NativeMethodAccessorImpl.invoke0(Native Method)
	at sun.reflect.NativeMethodAccessorImpl.invoke(NativeMethodAccessorImpl.java:62)
	at sun.reflect.DelegatingMethodAccessorImpl.invoke(DelegatingMethodAccessorImpl.java:43)
	at java.lang.reflect.Method.invoke(Method.java:498)
	at org.testng.internal.MethodInvocationHelper.invokeMethod(MethodInvocationHelper.java:85)
	at org.testng.internal.Invoker.invokeMethod(Invoker.java:659)
	at org.testng.internal.Invoker.invokeTestMethod(Invoker.java:845)
	at org.testng.internal.Invoker.invokeTestMethods(Invoker.java:1153)
	at org.testng.internal.TestMethodWorker.invokeTestMethods(TestMethodWorker.java:125)
	at org.testng.internal.TestMethodWorker.run(TestMethodWorker.java:108)
	at org.testng.TestRunner.privateRun(TestRunner.java:771)
	at org.testng.TestRunner.run(TestRunner.java:621)
	at org.testng.SuiteRunner.runTest(SuiteRunner.java:357)
	at org.testng.SuiteRunner.runSequentially(SuiteRunner.java:352)
	at org.testng.SuiteRunner.privateRun(SuiteRunner.java:310)
	at org.testng.SuiteRunner.run(SuiteRunner.java:259)
	at org.testng.SuiteRunnerWorker.runSuite(SuiteRunnerWorker.java:52)
	at org.testng.SuiteRunnerWorker.run(SuiteRunnerWorker.java:86)
	at org.testng.TestNG.runSuitesSequentially(TestNG.java:1199)
	at org.testng.TestNG.runSuitesLocally(TestNG.java:1124)
	at org.testng.TestNG.run(TestNG.java:1032)
	at org.testng.remote.AbstractRemoteTestNG.run(AbstractRemoteTestNG.java:115)
	at org.testng.remote.RemoteTestNG.initAndRun(RemoteTestNG.java:251)
	at org.testng.remote.RemoteTestNG.main(RemoteTestNG.java:77)
]]>
    </failure>
  </testcase> <!-- Smoke_Test_amazon_aax_Hourly2_bigaddetails_adcall -->
  <testcase name="Smoke_Test_Verifying_newdailydetails_day4adcall_FTL" time="10.077" classname="twc.Automation.SmokeTestCases.smokeTestCases"/>
  <testcase name="Smoke_Test_amazon_aax_Hourly_details_adcall" time="0.018" classname="twc.Automation.SmokeTestCases.smokeTestCases">
    <failure type="java.lang.AssertionError" message="slotID ::  9be28769-4207-4d51-8063-dc8e645383b2 is not trigred for aax call db_display/details/hourly">
      <![CDATA[java.lang.AssertionError: slotID ::  9be28769-4207-4d51-8063-dc8e645383b2 is not trigred for aax call db_display/details/hourly
	at org.testng.Assert.fail(Assert.java:94)
	at twc.Automation.General.Functions.get_aaxcal_Hourly(Functions.java:3665)
	at twc.Automation.SmokeTestCases.smokeTestCases.Smoke_Test_amazon_aax_Hourly_details_adcall(smokeTestCases.java:715)
	at sun.reflect.NativeMethodAccessorImpl.invoke0(Native Method)
	at sun.reflect.NativeMethodAccessorImpl.invoke(NativeMethodAccessorImpl.java:62)
	at sun.reflect.DelegatingMethodAccessorImpl.invoke(DelegatingMethodAccessorImpl.java:43)
	at java.lang.reflect.Method.invoke(Method.java:498)
	at org.testng.internal.MethodInvocationHelper.invokeMethod(MethodInvocationHelper.java:85)
	at org.testng.internal.Invoker.invokeMethod(Invoker.java:659)
	at org.testng.internal.Invoker.invokeTestMethod(Invoker.java:845)
	at org.testng.internal.Invoker.invokeTestMethods(Invoker.java:1153)
	at org.testng.internal.TestMethodWorker.invokeTestMethods(TestMethodWorker.java:125)
	at org.testng.internal.TestMethodWorker.run(TestMethodWorker.java:108)
	at org.testng.TestRunner.privateRun(TestRunner.java:771)
	at org.testng.TestRunner.run(TestRunner.java:621)
	at org.testng.SuiteRunner.runTest(SuiteRunner.java:357)
	at org.testng.SuiteRunner.runSequentially(SuiteRunner.java:352)
	at org.testng.SuiteRunner.privateRun(SuiteRunner.java:310)
	at org.testng.SuiteRunner.run(SuiteRunner.java:259)
	at org.testng.SuiteRunnerWorker.runSuite(SuiteRunnerWorker.java:52)
	at org.testng.SuiteRunnerWorker.run(SuiteRunnerWorker.java:86)
	at org.testng.TestNG.runSuitesSequentially(TestNG.java:1199)
	at org.testng.TestNG.runSuitesLocally(TestNG.java:1124)
	at org.testng.TestNG.run(TestNG.java:1032)
	at org.testng.remote.AbstractRemoteTestNG.run(AbstractRemoteTestNG.java:115)
	at org.testng.remote.RemoteTestNG.initAndRun(RemoteTestNG.java:251)
	at org.testng.remote.RemoteTestNG.main(RemoteTestNG.java:77)
]]>
    </failure>
  </testcase> <!-- Smoke_Test_amazon_aax_Hourly_details_adcall -->
  <testcase name="Smoke_Test_amazon_aax_today_deatailcard" time="0.242" classname="twc.Automation.SmokeTestCases.smokeTestCases">
    <failure type="java.lang.AssertionError" message="slotId 8d4e513d-9ae1-4b32-9468-9be0f434262f  is not trigred for db_display/details/today">
      <![CDATA[java.lang.AssertionError: slotId 8d4e513d-9ae1-4b32-9468-9be0f434262f  is not trigred for db_display/details/today
	at org.testng.Assert.fail(Assert.java:94)
	at twc.Automation.General.Functions.get_aaxcal_today_details(Functions.java:3802)
	at twc.Automation.SmokeTestCases.smokeTestCases.Smoke_Test_amazon_aax_today_deatailcard(smokeTestCases.java:1092)
	at sun.reflect.NativeMethodAccessorImpl.invoke0(Native Method)
	at sun.reflect.NativeMethodAccessorImpl.invoke(NativeMethodAccessorImpl.java:62)
	at sun.reflect.DelegatingMethodAccessorImpl.invoke(DelegatingMethodAccessorImpl.java:43)
	at java.lang.reflect.Method.invoke(Method.java:498)
	at org.testng.internal.MethodInvocationHelper.invokeMethod(MethodInvocationHelper.java:85)
	at org.testng.internal.Invoker.invokeMethod(Invoker.java:659)
	at org.testng.internal.Invoker.invokeTestMethod(Invoker.java:845)
	at org.testng.internal.Invoker.invokeTestMethods(Invoker.java:1153)
	at org.testng.internal.TestMethodWorker.invokeTestMethods(TestMethodWorker.java:125)
	at org.testng.internal.TestMethodWorker.run(TestMethodWorker.java:108)
	at org.testng.TestRunner.privateRun(TestRunner.java:771)
	at org.testng.TestRunner.run(TestRunner.java:621)
	at org.testng.SuiteRunner.runTest(SuiteRunner.java:357)
	at org.testng.SuiteRunner.runSequentially(SuiteRunner.java:352)
	at org.testng.SuiteRunner.privateRun(SuiteRunner.java:310)
	at org.testng.SuiteRunner.run(SuiteRunner.java:259)
	at org.testng.SuiteRunnerWorker.runSuite(SuiteRunnerWorker.java:52)
	at org.testng.SuiteRunnerWorker.run(SuiteRunnerWorker.java:86)
	at org.testng.TestNG.runSuitesSequentially(TestNG.java:1199)
	at org.testng.TestNG.runSuitesLocally(TestNG.java:1124)
	at org.testng.TestNG.run(TestNG.java:1032)
	at org.testng.remote.AbstractRemoteTestNG.run(AbstractRemoteTestNG.java:115)
	at org.testng.remote.RemoteTestNG.initAndRun(RemoteTestNG.java:251)
	at org.testng.remote.RemoteTestNG.main(RemoteTestNG.java:77)
]]>
    </failure>
  </testcase> <!-- Smoke_Test_amazon_aax_today_deatailcard -->
  <testcase name="Smoke_Test_verifying_feed_1adcall_FTL" time="0.318" classname="twc.Automation.SmokeTestCases.smokeTestCases"/>
  <testcase name="Smoke_Test_Case_Verify_Radar_Maps_deatailspage_adCall_FTL" time="0.206" classname="twc.Automation.SmokeTestCases.smokeTestCases"/>
  <testcase name="Smoke_Test_Verifying_newdailydetails_day2adcall_FTL" time="9.901" classname="twc.Automation.SmokeTestCases.smokeTestCases"/>
  <testcase name="Smoke_Test_Verifying_newdailydetails_day11adcall_FTL" time="12.684" classname="twc.Automation.SmokeTestCases.smokeTestCases"/>
  <testcase name="Smoke_Test_verifying_feed_5adCall_FTL" time="0.164" classname="twc.Automation.SmokeTestCases.smokeTestCases"/>
  <testcase name="Smoke_Test_CaseVerify_turbo_url_KillLaunch" time="0.092" classname="twc.Automation.SmokeTestCases.smokeTestCases"/>
  <testcase name="Smoke_Test_amazon_aax_Hourly1_bigaddetails_preroll_adcall_killLaunch" time="0.061" classname="twc.Automation.SmokeTestCases.smokeTestCases">
    <failure type="java.lang.AssertionError" message="slotID :: 08f0ccea-cab5-449c-963d-dc57ed9ee87dis not trigred for aax call db_display/details/hourly1">
      <![CDATA[java.lang.AssertionError: slotID :: 08f0ccea-cab5-449c-963d-dc57ed9ee87dis not trigred for aax call db_display/details/hourly1
	at org.testng.Assert.fail(Assert.java:94)
	at twc.Automation.General.Functions.get_aaxcal_Hourly1(Functions.java:3683)
	at twc.Automation.SmokeTestCases.smokeTestCases.Smoke_Test_amazon_aax_Hourly1_bigaddetails_preroll_adcall_killLaunch(smokeTestCases.java:617)
	at sun.reflect.NativeMethodAccessorImpl.invoke0(Native Method)
	at sun.reflect.NativeMethodAccessorImpl.invoke(NativeMethodAccessorImpl.java:62)
	at sun.reflect.DelegatingMethodAccessorImpl.invoke(DelegatingMethodAccessorImpl.java:43)
	at java.lang.reflect.Method.invoke(Method.java:498)
	at org.testng.internal.MethodInvocationHelper.invokeMethod(MethodInvocationHelper.java:85)
	at org.testng.internal.Invoker.invokeMethod(Invoker.java:659)
	at org.testng.internal.Invoker.invokeTestMethod(Invoker.java:845)
	at org.testng.internal.Invoker.invokeTestMethods(Invoker.java:1153)
	at org.testng.internal.TestMethodWorker.invokeTestMethods(TestMethodWorker.java:125)
	at org.testng.internal.TestMethodWorker.run(TestMethodWorker.java:108)
	at org.testng.TestRunner.privateRun(TestRunner.java:771)
	at org.testng.TestRunner.run(TestRunner.java:621)
	at org.testng.SuiteRunner.runTest(SuiteRunner.java:357)
	at org.testng.SuiteRunner.runSequentially(SuiteRunner.java:352)
	at org.testng.SuiteRunner.privateRun(SuiteRunner.java:310)
	at org.testng.SuiteRunner.run(SuiteRunner.java:259)
	at org.testng.SuiteRunnerWorker.runSuite(SuiteRunnerWorker.java:52)
	at org.testng.SuiteRunnerWorker.run(SuiteRunnerWorker.java:86)
	at org.testng.TestNG.runSuitesSequentially(TestNG.java:1199)
	at org.testng.TestNG.runSuitesLocally(TestNG.java:1124)
	at org.testng.TestNG.run(TestNG.java:1032)
	at org.testng.remote.AbstractRemoteTestNG.run(AbstractRemoteTestNG.java:115)
	at org.testng.remote.RemoteTestNG.initAndRun(RemoteTestNG.java:251)
	at org.testng.remote.RemoteTestNG.main(RemoteTestNG.java:77)
]]>
    </failure>
  </testcase> <!-- Smoke_Test_amazon_aax_Hourly1_bigaddetails_preroll_adcall_killLaunch -->
  <testcase name="Smoke_Test_amazon_aaxSlot_feed4_adcall" time="0.188" classname="twc.Automation.SmokeTestCases.smokeTestCases">
    <failure type="java.lang.AssertionError" message="slotId 90251553-fb54-47a1-bbe2-dce4e1c27758 is not trigred for aax call db_display/feed/feed_4">
      <![CDATA[java.lang.AssertionError: slotId 90251553-fb54-47a1-bbe2-dce4e1c27758 is not trigred for aax call db_display/feed/feed_4
	at org.testng.Assert.fail(Assert.java:94)
	at twc.Automation.General.Functions.get_aaxcal_feed4(Functions.java:6938)
	at twc.Automation.SmokeTestCases.smokeTestCases.Smoke_Test_amazon_aaxSlot_feed4_adcall(smokeTestCases.java:1025)
	at sun.reflect.NativeMethodAccessorImpl.invoke0(Native Method)
	at sun.reflect.NativeMethodAccessorImpl.invoke(NativeMethodAccessorImpl.java:62)
	at sun.reflect.DelegatingMethodAccessorImpl.invoke(DelegatingMethodAccessorImpl.java:43)
	at java.lang.reflect.Method.invoke(Method.java:498)
	at org.testng.internal.MethodInvocationHelper.invokeMethod(MethodInvocationHelper.java:85)
	at org.testng.internal.Invoker.invokeMethod(Invoker.java:659)
	at org.testng.internal.Invoker.invokeTestMethod(Invoker.java:845)
	at org.testng.internal.Invoker.invokeTestMethods(Invoker.java:1153)
	at org.testng.internal.TestMethodWorker.invokeTestMethods(TestMethodWorker.java:125)
	at org.testng.internal.TestMethodWorker.run(TestMethodWorker.java:108)
	at org.testng.TestRunner.privateRun(TestRunner.java:771)
	at org.testng.TestRunner.run(TestRunner.java:621)
	at org.testng.SuiteRunner.runTest(SuiteRunner.java:357)
	at org.testng.SuiteRunner.runSequentially(SuiteRunner.java:352)
	at org.testng.SuiteRunner.privateRun(SuiteRunner.java:310)
	at org.testng.SuiteRunner.run(SuiteRunner.java:259)
	at org.testng.SuiteRunnerWorker.runSuite(SuiteRunnerWorker.java:52)
	at org.testng.SuiteRunnerWorker.run(SuiteRunnerWorker.java:86)
	at org.testng.TestNG.runSuitesSequentially(TestNG.java:1199)
	at org.testng.TestNG.runSuitesLocally(TestNG.java:1124)
	at org.testng.TestNG.run(TestNG.java:1032)
	at org.testng.remote.AbstractRemoteTestNG.run(AbstractRemoteTestNG.java:115)
	at org.testng.remote.RemoteTestNG.initAndRun(RemoteTestNG.java:251)
	at org.testng.remote.RemoteTestNG.main(RemoteTestNG.java:77)
]]>
    </failure>
  </testcase> <!-- Smoke_Test_amazon_aaxSlot_feed4_adcall -->
  <testcase name="Smoke_Test_verify_amazon_Slotid_homescreenhourly_preroll_adcall_killLaunch" time="0.063" classname="twc.Automation.SmokeTestCases.smokeTestCases">
    <failure type="java.lang.AssertionError" message="slotID 869c843c-7cf8-47ae-b6ed-088057e4bc8a is not trigred for aax call db_display/home_screen/hourly">
      <![CDATA[java.lang.AssertionError: slotID 869c843c-7cf8-47ae-b6ed-088057e4bc8a is not trigred for aax call db_display/home_screen/hourly
	at org.testng.Assert.fail(Assert.java:94)
	at twc.Automation.General.Functions.get_aaxcal_homescreen_hourly(Functions.java:3616)
	at twc.Automation.SmokeTestCases.smokeTestCases.Smoke_Test_verify_amazon_Slotid_homescreenhourly_preroll_adcall_killLaunch(smokeTestCases.java:665)
	at sun.reflect.NativeMethodAccessorImpl.invoke0(Native Method)
	at sun.reflect.NativeMethodAccessorImpl.invoke(NativeMethodAccessorImpl.java:62)
	at sun.reflect.DelegatingMethodAccessorImpl.invoke(DelegatingMethodAccessorImpl.java:43)
	at java.lang.reflect.Method.invoke(Method.java:498)
	at org.testng.internal.MethodInvocationHelper.invokeMethod(MethodInvocationHelper.java:85)
	at org.testng.internal.Invoker.invokeMethod(Invoker.java:659)
	at org.testng.internal.Invoker.invokeTestMethod(Invoker.java:845)
	at org.testng.internal.Invoker.invokeTestMethods(Invoker.java:1153)
	at org.testng.internal.TestMethodWorker.invokeTestMethods(TestMethodWorker.java:125)
	at org.testng.internal.TestMethodWorker.run(TestMethodWorker.java:108)
	at org.testng.TestRunner.privateRun(TestRunner.java:771)
	at org.testng.TestRunner.run(TestRunner.java:621)
	at org.testng.SuiteRunner.runTest(SuiteRunner.java:357)
	at org.testng.SuiteRunner.runSequentially(SuiteRunner.java:352)
	at org.testng.SuiteRunner.privateRun(SuiteRunner.java:310)
	at org.testng.SuiteRunner.run(SuiteRunner.java:259)
	at org.testng.SuiteRunnerWorker.runSuite(SuiteRunnerWorker.java:52)
	at org.testng.SuiteRunnerWorker.run(SuiteRunnerWorker.java:86)
	at org.testng.TestNG.runSuitesSequentially(TestNG.java:1199)
	at org.testng.TestNG.runSuitesLocally(TestNG.java:1124)
	at org.testng.TestNG.run(TestNG.java:1032)
	at org.testng.remote.AbstractRemoteTestNG.run(AbstractRemoteTestNG.java:115)
	at org.testng.remote.RemoteTestNG.initAndRun(RemoteTestNG.java:251)
	at org.testng.remote.RemoteTestNG.main(RemoteTestNG.java:77)
]]>
    </failure>
  </testcase> <!-- Smoke_Test_verify_amazon_Slotid_homescreenhourly_preroll_adcall_killLaunch -->
  <testcase name="Smoke_Test_amazon_aax_Dailydetails_Day15adcall" time="0.116" classname="twc.Automation.SmokeTestCases.smokeTestCases">
    <failure type="java.lang.AssertionError" message="slotID 6c5a145d-9198-48f4-adfd-08f05557eace is not trigred for db_display/details/10day_thu3">
      <![CDATA[java.lang.AssertionError: slotID 6c5a145d-9198-48f4-adfd-08f05557eace is not trigred for db_display/details/10day_thu3
	at org.testng.Assert.fail(Assert.java:94)
	at twc.Automation.General.Functions.get_aaxcal_Daily(Functions.java:3752)
	at twc.Automation.SmokeTestCases.smokeTestCases.Smoke_Test_amazon_aax_Dailydetails_Day15adcall(smokeTestCases.java:940)
	at sun.reflect.NativeMethodAccessorImpl.invoke0(Native Method)
	at sun.reflect.NativeMethodAccessorImpl.invoke(NativeMethodAccessorImpl.java:62)
	at sun.reflect.DelegatingMethodAccessorImpl.invoke(DelegatingMethodAccessorImpl.java:43)
	at java.lang.reflect.Method.invoke(Method.java:498)
	at org.testng.internal.MethodInvocationHelper.invokeMethod(MethodInvocationHelper.java:85)
	at org.testng.internal.Invoker.invokeMethod(Invoker.java:659)
	at org.testng.internal.Invoker.invokeTestMethod(Invoker.java:845)
	at org.testng.internal.Invoker.invokeTestMethods(Invoker.java:1153)
	at org.testng.internal.TestMethodWorker.invokeTestMethods(TestMethodWorker.java:125)
	at org.testng.internal.TestMethodWorker.run(TestMethodWorker.java:108)
	at org.testng.TestRunner.privateRun(TestRunner.java:771)
	at org.testng.TestRunner.run(TestRunner.java:621)
	at org.testng.SuiteRunner.runTest(SuiteRunner.java:357)
	at org.testng.SuiteRunner.runSequentially(SuiteRunner.java:352)
	at org.testng.SuiteRunner.privateRun(SuiteRunner.java:310)
	at org.testng.SuiteRunner.run(SuiteRunner.java:259)
	at org.testng.SuiteRunnerWorker.runSuite(SuiteRunnerWorker.java:52)
	at org.testng.SuiteRunnerWorker.run(SuiteRunnerWorker.java:86)
	at org.testng.TestNG.runSuitesSequentially(TestNG.java:1199)
	at org.testng.TestNG.runSuitesLocally(TestNG.java:1124)
	at org.testng.TestNG.run(TestNG.java:1032)
	at org.testng.remote.AbstractRemoteTestNG.run(AbstractRemoteTestNG.java:115)
	at org.testng.remote.RemoteTestNG.initAndRun(RemoteTestNG.java:251)
	at org.testng.remote.RemoteTestNG.main(RemoteTestNG.java:77)
]]>
    </failure>
  </testcase> <!-- Smoke_Test_amazon_aax_Dailydetails_Day15adcall -->
  <testcase name="Smoke_Test_amazon_aax_Dailydetails_Day5adcall" time="0.211" classname="twc.Automation.SmokeTestCases.smokeTestCases">
    <failure type="java.lang.AssertionError" message="slotID 6c5a145d-9198-48f4-adfd-08f05557eace is not trigred for db_display/details/10day_mon1">
      <![CDATA[java.lang.AssertionError: slotID 6c5a145d-9198-48f4-adfd-08f05557eace is not trigred for db_display/details/10day_mon1
	at org.testng.Assert.fail(Assert.java:94)
	at twc.Automation.General.Functions.get_aaxcal_Daily(Functions.java:3752)
	at twc.Automation.SmokeTestCases.smokeTestCases.Smoke_Test_amazon_aax_Dailydetails_Day5adcall(smokeTestCases.java:812)
	at sun.reflect.NativeMethodAccessorImpl.invoke0(Native Method)
	at sun.reflect.NativeMethodAccessorImpl.invoke(NativeMethodAccessorImpl.java:62)
	at sun.reflect.DelegatingMethodAccessorImpl.invoke(DelegatingMethodAccessorImpl.java:43)
	at java.lang.reflect.Method.invoke(Method.java:498)
	at org.testng.internal.MethodInvocationHelper.invokeMethod(MethodInvocationHelper.java:85)
	at org.testng.internal.Invoker.invokeMethod(Invoker.java:659)
	at org.testng.internal.Invoker.invokeTestMethod(Invoker.java:845)
	at org.testng.internal.Invoker.invokeTestMethods(Invoker.java:1153)
	at org.testng.internal.TestMethodWorker.invokeTestMethods(TestMethodWorker.java:125)
	at org.testng.internal.TestMethodWorker.run(TestMethodWorker.java:108)
	at org.testng.TestRunner.privateRun(TestRunner.java:771)
	at org.testng.TestRunner.run(TestRunner.java:621)
	at org.testng.SuiteRunner.runTest(SuiteRunner.java:357)
	at org.testng.SuiteRunner.runSequentially(SuiteRunner.java:352)
	at org.testng.SuiteRunner.privateRun(SuiteRunner.java:310)
	at org.testng.SuiteRunner.run(SuiteRunner.java:259)
	at org.testng.SuiteRunnerWorker.runSuite(SuiteRunnerWorker.java:52)
	at org.testng.SuiteRunnerWorker.run(SuiteRunnerWorker.java:86)
	at org.testng.TestNG.runSuitesSequentially(TestNG.java:1199)
	at org.testng.TestNG.runSuitesLocally(TestNG.java:1124)
	at org.testng.TestNG.run(TestNG.java:1032)
	at org.testng.remote.AbstractRemoteTestNG.run(AbstractRemoteTestNG.java:115)
	at org.testng.remote.RemoteTestNG.initAndRun(RemoteTestNG.java:251)
	at org.testng.remote.RemoteTestNG.main(RemoteTestNG.java:77)
]]>
    </failure>
  </testcase> <!-- Smoke_Test_amazon_aax_Dailydetails_Day5adcall -->
  <testcase name="Smoke_Test_Verifying_newdailydetails_day5adcall_FTL" time="9.320" classname="twc.Automation.SmokeTestCases.smokeTestCases"/>
  <testcase name="Smoke_Test_amazon_aax_Dailydetails_Day12adcall" time="0.595" classname="twc.Automation.SmokeTestCases.smokeTestCases">
    <failure type="java.lang.AssertionError" message="slotID 6c5a145d-9198-48f4-adfd-08f05557eace is not trigred for db_display/details/10day_mon2">
      <![CDATA[java.lang.AssertionError: slotID 6c5a145d-9198-48f4-adfd-08f05557eace is not trigred for db_display/details/10day_mon2
	at org.testng.Assert.fail(Assert.java:94)
	at twc.Automation.General.Functions.get_aaxcal_Daily(Functions.java:3752)
	at twc.Automation.SmokeTestCases.smokeTestCases.Smoke_Test_amazon_aax_Dailydetails_Day12adcall(smokeTestCases.java:900)
	at sun.reflect.NativeMethodAccessorImpl.invoke0(Native Method)
	at sun.reflect.NativeMethodAccessorImpl.invoke(NativeMethodAccessorImpl.java:62)
	at sun.reflect.DelegatingMethodAccessorImpl.invoke(DelegatingMethodAccessorImpl.java:43)
	at java.lang.reflect.Method.invoke(Method.java:498)
	at org.testng.internal.MethodInvocationHelper.invokeMethod(MethodInvocationHelper.java:85)
	at org.testng.internal.Invoker.invokeMethod(Invoker.java:659)
	at org.testng.internal.Invoker.invokeTestMethod(Invoker.java:845)
	at org.testng.internal.Invoker.invokeTestMethods(Invoker.java:1153)
	at org.testng.internal.TestMethodWorker.invokeTestMethods(TestMethodWorker.java:125)
	at org.testng.internal.TestMethodWorker.run(TestMethodWorker.java:108)
	at org.testng.TestRunner.privateRun(TestRunner.java:771)
	at org.testng.TestRunner.run(TestRunner.java:621)
	at org.testng.SuiteRunner.runTest(SuiteRunner.java:357)
	at org.testng.SuiteRunner.runSequentially(SuiteRunner.java:352)
	at org.testng.SuiteRunner.privateRun(SuiteRunner.java:310)
	at org.testng.SuiteRunner.run(SuiteRunner.java:259)
	at org.testng.SuiteRunnerWorker.runSuite(SuiteRunnerWorker.java:52)
	at org.testng.SuiteRunnerWorker.run(SuiteRunnerWorker.java:86)
	at org.testng.TestNG.runSuitesSequentially(TestNG.java:1199)
	at org.testng.TestNG.runSuitesLocally(TestNG.java:1124)
	at org.testng.TestNG.run(TestNG.java:1032)
	at org.testng.remote.AbstractRemoteTestNG.run(AbstractRemoteTestNG.java:115)
	at org.testng.remote.RemoteTestNG.initAndRun(RemoteTestNG.java:251)
	at org.testng.remote.RemoteTestNG.main(RemoteTestNG.java:77)
]]>
    </failure>
  </testcase> <!-- Smoke_Test_amazon_aax_Dailydetails_Day12adcall -->
  <testcase name="Smoke_Test_amazon_aax_Dailydetails_Day9adcall" time="0.085" classname="twc.Automation.SmokeTestCases.smokeTestCases">
    <failure type="java.lang.AssertionError" message="slotID 6c5a145d-9198-48f4-adfd-08f05557eace is not trigred for db_display/details/10day_fri2">
      <![CDATA[java.lang.AssertionError: slotID 6c5a145d-9198-48f4-adfd-08f05557eace is not trigred for db_display/details/10day_fri2
	at org.testng.Assert.fail(Assert.java:94)
	at twc.Automation.General.Functions.get_aaxcal_Daily(Functions.java:3752)
	at twc.Automation.SmokeTestCases.smokeTestCases.Smoke_Test_amazon_aax_Dailydetails_Day9adcall(smokeTestCases.java:863)
	at sun.reflect.NativeMethodAccessorImpl.invoke0(Native Method)
	at sun.reflect.NativeMethodAccessorImpl.invoke(NativeMethodAccessorImpl.java:62)
	at sun.reflect.DelegatingMethodAccessorImpl.invoke(DelegatingMethodAccessorImpl.java:43)
	at java.lang.reflect.Method.invoke(Method.java:498)
	at org.testng.internal.MethodInvocationHelper.invokeMethod(MethodInvocationHelper.java:85)
	at org.testng.internal.Invoker.invokeMethod(Invoker.java:659)
	at org.testng.internal.Invoker.invokeTestMethod(Invoker.java:845)
	at org.testng.internal.Invoker.invokeTestMethods(Invoker.java:1153)
	at org.testng.internal.TestMethodWorker.invokeTestMethods(TestMethodWorker.java:125)
	at org.testng.internal.TestMethodWorker.run(TestMethodWorker.java:108)
	at org.testng.TestRunner.privateRun(TestRunner.java:771)
	at org.testng.TestRunner.run(TestRunner.java:621)
	at org.testng.SuiteRunner.runTest(SuiteRunner.java:357)
	at org.testng.SuiteRunner.runSequentially(SuiteRunner.java:352)
	at org.testng.SuiteRunner.privateRun(SuiteRunner.java:310)
	at org.testng.SuiteRunner.run(SuiteRunner.java:259)
	at org.testng.SuiteRunnerWorker.runSuite(SuiteRunnerWorker.java:52)
	at org.testng.SuiteRunnerWorker.run(SuiteRunnerWorker.java:86)
	at org.testng.TestNG.runSuitesSequentially(TestNG.java:1199)
	at org.testng.TestNG.runSuitesLocally(TestNG.java:1124)
	at org.testng.TestNG.run(TestNG.java:1032)
	at org.testng.remote.AbstractRemoteTestNG.run(AbstractRemoteTestNG.java:115)
	at org.testng.remote.RemoteTestNG.initAndRun(RemoteTestNG.java:251)
	at org.testng.remote.RemoteTestNG.main(RemoteTestNG.java:77)
]]>
    </failure>
  </testcase> <!-- Smoke_Test_amazon_aax_Dailydetails_Day9adcall -->
  <testcase name="Smoke_Test_Verifying_homescreenmarquee__pulltoreresh_scenario" time="0.010" classname="twc.Automation.SmokeTestCases.smokeTestCases">
    <failure type="java.lang.AssertionError" message="/7646/app_android_us/db_display/home_screen/marquee call was not trigred">
      <![CDATA[java.lang.AssertionError: /7646/app_android_us/db_display/home_screen/marquee call was not trigred
	at org.testng.Assert.fail(Assert.java:94)
	at twc.Automation.General.Functions.finding_Homescreen_marquee_iu_value(Functions.java:4045)
	at twc.Automation.SmokeTestCases.smokeTestCases.Smoke_Test_Verifying_homescreenmarquee__pulltoreresh_scenario(smokeTestCases.java:974)
	at sun.reflect.NativeMethodAccessorImpl.invoke0(Native Method)
	at sun.reflect.NativeMethodAccessorImpl.invoke(NativeMethodAccessorImpl.java:62)
	at sun.reflect.DelegatingMethodAccessorImpl.invoke(DelegatingMethodAccessorImpl.java:43)
	at java.lang.reflect.Method.invoke(Method.java:498)
	at org.testng.internal.MethodInvocationHelper.invokeMethod(MethodInvocationHelper.java:85)
	at org.testng.internal.Invoker.invokeMethod(Invoker.java:659)
	at org.testng.internal.Invoker.invokeTestMethod(Invoker.java:845)
	at org.testng.internal.Invoker.invokeTestMethods(Invoker.java:1153)
	at org.testng.internal.TestMethodWorker.invokeTestMethods(TestMethodWorker.java:125)
	at org.testng.internal.TestMethodWorker.run(TestMethodWorker.java:108)
	at org.testng.TestRunner.privateRun(TestRunner.java:771)
	at org.testng.TestRunner.run(TestRunner.java:621)
	at org.testng.SuiteRunner.runTest(SuiteRunner.java:357)
	at org.testng.SuiteRunner.runSequentially(SuiteRunner.java:352)
	at org.testng.SuiteRunner.privateRun(SuiteRunner.java:310)
	at org.testng.SuiteRunner.run(SuiteRunner.java:259)
	at org.testng.SuiteRunnerWorker.runSuite(SuiteRunnerWorker.java:52)
	at org.testng.SuiteRunnerWorker.run(SuiteRunnerWorker.java:86)
	at org.testng.TestNG.runSuitesSequentially(TestNG.java:1199)
	at org.testng.TestNG.runSuitesLocally(TestNG.java:1124)
	at org.testng.TestNG.run(TestNG.java:1032)
	at org.testng.remote.AbstractRemoteTestNG.run(AbstractRemoteTestNG.java:115)
	at org.testng.remote.RemoteTestNG.initAndRun(RemoteTestNG.java:251)
	at org.testng.remote.RemoteTestNG.main(RemoteTestNG.java:77)
]]>
    </failure>
  </testcase> <!-- Smoke_Test_Verifying_homescreenmarquee__pulltoreresh_scenario -->
  <testcase name="Smoke_Test_Verifying_newdailydetails_day6adcall_FTL" time="9.600" classname="twc.Automation.SmokeTestCases.smokeTestCases"/>
  <testcase name="Smoke_Test_amazon_aaxSlot_feed2_preroladcall_KillLaunch" time="0.059" classname="twc.Automation.SmokeTestCases.smokeTestCases">
    <failure type="java.lang.AssertionError" message="slotID 752a96eb-3198-4991-b572-17ec04883b6c is not trigred for aax call db_display/feed/feed_2">
      <![CDATA[java.lang.AssertionError: slotID 752a96eb-3198-4991-b572-17ec04883b6c is not trigred for aax call db_display/feed/feed_2
	at org.testng.Assert.fail(Assert.java:94)
	at twc.Automation.General.Functions.get_aaxcal_feed2(Functions.java:6904)
	at twc.Automation.SmokeTestCases.smokeTestCases.Smoke_Test_amazon_aaxSlot_feed2_preroladcall_KillLaunch(smokeTestCases.java:689)
	at sun.reflect.NativeMethodAccessorImpl.invoke0(Native Method)
	at sun.reflect.NativeMethodAccessorImpl.invoke(NativeMethodAccessorImpl.java:62)
	at sun.reflect.DelegatingMethodAccessorImpl.invoke(DelegatingMethodAccessorImpl.java:43)
	at java.lang.reflect.Method.invoke(Method.java:498)
	at org.testng.internal.MethodInvocationHelper.invokeMethod(MethodInvocationHelper.java:85)
	at org.testng.internal.Invoker.invokeMethod(Invoker.java:659)
	at org.testng.internal.Invoker.invokeTestMethod(Invoker.java:845)
	at org.testng.internal.Invoker.invokeTestMethods(Invoker.java:1153)
	at org.testng.internal.TestMethodWorker.invokeTestMethods(TestMethodWorker.java:125)
	at org.testng.internal.TestMethodWorker.run(TestMethodWorker.java:108)
	at org.testng.TestRunner.privateRun(TestRunner.java:771)
	at org.testng.TestRunner.run(TestRunner.java:621)
	at org.testng.SuiteRunner.runTest(SuiteRunner.java:357)
	at org.testng.SuiteRunner.runSequentially(SuiteRunner.java:352)
	at org.testng.SuiteRunner.privateRun(SuiteRunner.java:310)
	at org.testng.SuiteRunner.run(SuiteRunner.java:259)
	at org.testng.SuiteRunnerWorker.runSuite(SuiteRunnerWorker.java:52)
	at org.testng.SuiteRunnerWorker.run(SuiteRunnerWorker.java:86)
	at org.testng.TestNG.runSuitesSequentially(TestNG.java:1199)
	at org.testng.TestNG.runSuitesLocally(TestNG.java:1124)
	at org.testng.TestNG.run(TestNG.java:1032)
	at org.testng.remote.AbstractRemoteTestNG.run(AbstractRemoteTestNG.java:115)
	at org.testng.remote.RemoteTestNG.initAndRun(RemoteTestNG.java:251)
	at org.testng.remote.RemoteTestNG.main(RemoteTestNG.java:77)
]]>
    </failure>
  </testcase> <!-- Smoke_Test_amazon_aaxSlot_feed2_preroladcall_KillLaunch -->
  <testcase name="Smoke_Test_amazon_aax_Dailydetails_Day8adcall" time="0.148" classname="twc.Automation.SmokeTestCases.smokeTestCases">
    <failure type="java.lang.AssertionError" message="slotID 6c5a145d-9198-48f4-adfd-08f05557eace is not trigred for db_display/details/10day_thu2">
      <![CDATA[java.lang.AssertionError: slotID 6c5a145d-9198-48f4-adfd-08f05557eace is not trigred for db_display/details/10day_thu2
	at org.testng.Assert.fail(Assert.java:94)
	at twc.Automation.General.Functions.get_aaxcal_Daily(Functions.java:3752)
	at twc.Automation.SmokeTestCases.smokeTestCases.Smoke_Test_amazon_aax_Dailydetails_Day8adcall(smokeTestCases.java:849)
	at sun.reflect.NativeMethodAccessorImpl.invoke0(Native Method)
	at sun.reflect.NativeMethodAccessorImpl.invoke(NativeMethodAccessorImpl.java:62)
	at sun.reflect.DelegatingMethodAccessorImpl.invoke(DelegatingMethodAccessorImpl.java:43)
	at java.lang.reflect.Method.invoke(Method.java:498)
	at org.testng.internal.MethodInvocationHelper.invokeMethod(MethodInvocationHelper.java:85)
	at org.testng.internal.Invoker.invokeMethod(Invoker.java:659)
	at org.testng.internal.Invoker.invokeTestMethod(Invoker.java:845)
	at org.testng.internal.Invoker.invokeTestMethods(Invoker.java:1153)
	at org.testng.internal.TestMethodWorker.invokeTestMethods(TestMethodWorker.java:125)
	at org.testng.internal.TestMethodWorker.run(TestMethodWorker.java:108)
	at org.testng.TestRunner.privateRun(TestRunner.java:771)
	at org.testng.TestRunner.run(TestRunner.java:621)
	at org.testng.SuiteRunner.runTest(SuiteRunner.java:357)
	at org.testng.SuiteRunner.runSequentially(SuiteRunner.java:352)
	at org.testng.SuiteRunner.privateRun(SuiteRunner.java:310)
	at org.testng.SuiteRunner.run(SuiteRunner.java:259)
	at org.testng.SuiteRunnerWorker.runSuite(SuiteRunnerWorker.java:52)
	at org.testng.SuiteRunnerWorker.run(SuiteRunnerWorker.java:86)
	at org.testng.TestNG.runSuitesSequentially(TestNG.java:1199)
	at org.testng.TestNG.runSuitesLocally(TestNG.java:1124)
	at org.testng.TestNG.run(TestNG.java:1032)
	at org.testng.remote.AbstractRemoteTestNG.run(AbstractRemoteTestNG.java:115)
	at org.testng.remote.RemoteTestNG.initAndRun(RemoteTestNG.java:251)
	at org.testng.remote.RemoteTestNG.main(RemoteTestNG.java:77)
]]>
    </failure>
  </testcase> <!-- Smoke_Test_amazon_aax_Dailydetails_Day8adcall -->
  <testcase name="Smoke_Test_amazon_aax_Dailydetails_Day3adcall" time="0.217" classname="twc.Automation.SmokeTestCases.smokeTestCases">
    <failure type="java.lang.AssertionError" message="slotID 6c5a145d-9198-48f4-adfd-08f05557eace is not trigred for db_display/details/10day_sat1">
      <![CDATA[java.lang.AssertionError: slotID 6c5a145d-9198-48f4-adfd-08f05557eace is not trigred for db_display/details/10day_sat1
	at org.testng.Assert.fail(Assert.java:94)
	at twc.Automation.General.Functions.get_aaxcal_Daily(Functions.java:3752)
	at twc.Automation.SmokeTestCases.smokeTestCases.Smoke_Test_amazon_aax_Dailydetails_Day3adcall(smokeTestCases.java:790)
	at sun.reflect.NativeMethodAccessorImpl.invoke0(Native Method)
	at sun.reflect.NativeMethodAccessorImpl.invoke(NativeMethodAccessorImpl.java:62)
	at sun.reflect.DelegatingMethodAccessorImpl.invoke(DelegatingMethodAccessorImpl.java:43)
	at java.lang.reflect.Method.invoke(Method.java:498)
	at org.testng.internal.MethodInvocationHelper.invokeMethod(MethodInvocationHelper.java:85)
	at org.testng.internal.Invoker.invokeMethod(Invoker.java:659)
	at org.testng.internal.Invoker.invokeTestMethod(Invoker.java:845)
	at org.testng.internal.Invoker.invokeTestMethods(Invoker.java:1153)
	at org.testng.internal.TestMethodWorker.invokeTestMethods(TestMethodWorker.java:125)
	at org.testng.internal.TestMethodWorker.run(TestMethodWorker.java:108)
	at org.testng.TestRunner.privateRun(TestRunner.java:771)
	at org.testng.TestRunner.run(TestRunner.java:621)
	at org.testng.SuiteRunner.runTest(SuiteRunner.java:357)
	at org.testng.SuiteRunner.runSequentially(SuiteRunner.java:352)
	at org.testng.SuiteRunner.privateRun(SuiteRunner.java:310)
	at org.testng.SuiteRunner.run(SuiteRunner.java:259)
	at org.testng.SuiteRunnerWorker.runSuite(SuiteRunnerWorker.java:52)
	at org.testng.SuiteRunnerWorker.run(SuiteRunnerWorker.java:86)
	at org.testng.TestNG.runSuitesSequentially(TestNG.java:1199)
	at org.testng.TestNG.runSuitesLocally(TestNG.java:1124)
	at org.testng.TestNG.run(TestNG.java:1032)
	at org.testng.remote.AbstractRemoteTestNG.run(AbstractRemoteTestNG.java:115)
	at org.testng.remote.RemoteTestNG.initAndRun(RemoteTestNG.java:251)
	at org.testng.remote.RemoteTestNG.main(RemoteTestNG.java:77)
]]>
    </failure>
  </testcase> <!-- Smoke_Test_amazon_aax_Dailydetails_Day3adcall -->
  <testcase name="Smoke_Test__Verifying_Bcp_apicall_URL_killLaunch" time="0.065" classname="twc.Automation.SmokeTestCases.smokeTestCases">
    <failure type="java.lang.AssertionError" message="https://bcp.crwdcntrl.net/ url was not trigred">
      <![CDATA[java.lang.AssertionError: https://bcp.crwdcntrl.net/ url was not trigred
	at org.testng.Assert.fail(Assert.java:94)
	at twc.Automation.General.Functions.validating_bcp_privacy_Optinmode_scenarion(Functions.java:4310)
	at twc.Automation.SmokeTestCases.smokeTestCases.Smoke_Test__Verifying_Bcp_apicall_URL_killLaunch(smokeTestCases.java:589)
	at sun.reflect.NativeMethodAccessorImpl.invoke0(Native Method)
	at sun.reflect.NativeMethodAccessorImpl.invoke(NativeMethodAccessorImpl.java:62)
	at sun.reflect.DelegatingMethodAccessorImpl.invoke(DelegatingMethodAccessorImpl.java:43)
	at java.lang.reflect.Method.invoke(Method.java:498)
	at org.testng.internal.MethodInvocationHelper.invokeMethod(MethodInvocationHelper.java:85)
	at org.testng.internal.Invoker.invokeMethod(Invoker.java:659)
	at org.testng.internal.Invoker.invokeTestMethod(Invoker.java:845)
	at org.testng.internal.Invoker.invokeTestMethods(Invoker.java:1153)
	at org.testng.internal.TestMethodWorker.invokeTestMethods(TestMethodWorker.java:125)
	at org.testng.internal.TestMethodWorker.run(TestMethodWorker.java:108)
	at org.testng.TestRunner.privateRun(TestRunner.java:771)
	at org.testng.TestRunner.run(TestRunner.java:621)
	at org.testng.SuiteRunner.runTest(SuiteRunner.java:357)
	at org.testng.SuiteRunner.runSequentially(SuiteRunner.java:352)
	at org.testng.SuiteRunner.privateRun(SuiteRunner.java:310)
	at org.testng.SuiteRunner.run(SuiteRunner.java:259)
	at org.testng.SuiteRunnerWorker.runSuite(SuiteRunnerWorker.java:52)
	at org.testng.SuiteRunnerWorker.run(SuiteRunnerWorker.java:86)
	at org.testng.TestNG.runSuitesSequentially(TestNG.java:1199)
	at org.testng.TestNG.runSuitesLocally(TestNG.java:1124)
	at org.testng.TestNG.run(TestNG.java:1032)
	at org.testng.remote.AbstractRemoteTestNG.run(AbstractRemoteTestNG.java:115)
	at org.testng.remote.RemoteTestNG.initAndRun(RemoteTestNG.java:251)
	at org.testng.remote.RemoteTestNG.main(RemoteTestNG.java:77)
]]>
    </failure>
  </testcase> <!-- Smoke_Test__Verifying_Bcp_apicall_URL_killLaunch -->
  <testcase name="Smoke_Test_Verifying_newdailydetails_day9adcall_FTL" time="12.682" classname="twc.Automation.SmokeTestCases.smokeTestCases"/>
  <testcase name="Smoke_Test_Verify_hourly_detailpage_adcall_FTL" time="27.337" classname="twc.Automation.SmokeTestCases.smokeTestCases"/>
  <testcase name="Smoke_Test_amazon_aax_Hourly3_bigaddetails_preroll_adcall_killLaunch" time="0.058" classname="twc.Automation.SmokeTestCases.smokeTestCases">
    <failure type="java.lang.AssertionError" message="slotID :: 2634dc9-b59f-4b2c-b281-bb3be291b7b6 is not trigred for aax call db_display/details/hourly3">
      <![CDATA[java.lang.AssertionError: slotID :: 2634dc9-b59f-4b2c-b281-bb3be291b7b6 is not trigred for aax call db_display/details/hourly3
	at org.testng.Assert.fail(Assert.java:94)
	at twc.Automation.General.Functions.get_aaxcal_Hourly3(Functions.java:3720)
	at twc.Automation.SmokeTestCases.smokeTestCases.Smoke_Test_amazon_aax_Hourly3_bigaddetails_preroll_adcall_killLaunch(smokeTestCases.java:641)
	at sun.reflect.NativeMethodAccessorImpl.invoke0(Native Method)
	at sun.reflect.NativeMethodAccessorImpl.invoke(NativeMethodAccessorImpl.java:62)
	at sun.reflect.DelegatingMethodAccessorImpl.invoke(DelegatingMethodAccessorImpl.java:43)
	at java.lang.reflect.Method.invoke(Method.java:498)
	at org.testng.internal.MethodInvocationHelper.invokeMethod(MethodInvocationHelper.java:85)
	at org.testng.internal.Invoker.invokeMethod(Invoker.java:659)
	at org.testng.internal.Invoker.invokeTestMethod(Invoker.java:845)
	at org.testng.internal.Invoker.invokeTestMethods(Invoker.java:1153)
	at org.testng.internal.TestMethodWorker.invokeTestMethods(TestMethodWorker.java:125)
	at org.testng.internal.TestMethodWorker.run(TestMethodWorker.java:108)
	at org.testng.TestRunner.privateRun(TestRunner.java:771)
	at org.testng.TestRunner.run(TestRunner.java:621)
	at org.testng.SuiteRunner.runTest(SuiteRunner.java:357)
	at org.testng.SuiteRunner.runSequentially(SuiteRunner.java:352)
	at org.testng.SuiteRunner.privateRun(SuiteRunner.java:310)
	at org.testng.SuiteRunner.run(SuiteRunner.java:259)
	at org.testng.SuiteRunnerWorker.runSuite(SuiteRunnerWorker.java:52)
	at org.testng.SuiteRunnerWorker.run(SuiteRunnerWorker.java:86)
	at org.testng.TestNG.runSuitesSequentially(TestNG.java:1199)
	at org.testng.TestNG.runSuitesLocally(TestNG.java:1124)
	at org.testng.TestNG.run(TestNG.java:1032)
	at org.testng.remote.AbstractRemoteTestNG.run(AbstractRemoteTestNG.java:115)
	at org.testng.remote.RemoteTestNG.initAndRun(RemoteTestNG.java:251)
	at org.testng.remote.RemoteTestNG.main(RemoteTestNG.java:77)
]]>
    </failure>
  </testcase> <!-- Smoke_Test_amazon_aax_Hourly3_bigaddetails_preroll_adcall_killLaunch -->
  <testcase name="Smoke_Test_verifying_feed_4adcall_FTL" time="0.152" classname="twc.Automation.SmokeTestCases.smokeTestCases"/>
  <testcase name="Smoke_Test_amazon_aax_Dailydetails_Day2adcall" time="0.108" classname="twc.Automation.SmokeTestCases.smokeTestCases">
    <failure type="java.lang.AssertionError" message="slotID 6c5a145d-9198-48f4-adfd-08f05557eace is not trigred for db_display/details/10day_fri1">
      <![CDATA[java.lang.AssertionError: slotID 6c5a145d-9198-48f4-adfd-08f05557eace is not trigred for db_display/details/10day_fri1
	at org.testng.Assert.fail(Assert.java:94)
	at twc.Automation.General.Functions.get_aaxcal_Daily(Functions.java:3752)
	at twc.Automation.SmokeTestCases.smokeTestCases.Smoke_Test_amazon_aax_Dailydetails_Day2adcall(smokeTestCases.java:778)
	at sun.reflect.NativeMethodAccessorImpl.invoke0(Native Method)
	at sun.reflect.NativeMethodAccessorImpl.invoke(NativeMethodAccessorImpl.java:62)
	at sun.reflect.DelegatingMethodAccessorImpl.invoke(DelegatingMethodAccessorImpl.java:43)
	at java.lang.reflect.Method.invoke(Method.java:498)
	at org.testng.internal.MethodInvocationHelper.invokeMethod(MethodInvocationHelper.java:85)
	at org.testng.internal.Invoker.invokeMethod(Invoker.java:659)
	at org.testng.internal.Invoker.invokeTestMethod(Invoker.java:845)
	at org.testng.internal.Invoker.invokeTestMethods(Invoker.java:1153)
	at org.testng.internal.TestMethodWorker.invokeTestMethods(TestMethodWorker.java:125)
	at org.testng.internal.TestMethodWorker.run(TestMethodWorker.java:108)
	at org.testng.TestRunner.privateRun(TestRunner.java:771)
	at org.testng.TestRunner.run(TestRunner.java:621)
	at org.testng.SuiteRunner.runTest(SuiteRunner.java:357)
	at org.testng.SuiteRunner.runSequentially(SuiteRunner.java:352)
	at org.testng.SuiteRunner.privateRun(SuiteRunner.java:310)
	at org.testng.SuiteRunner.run(SuiteRunner.java:259)
	at org.testng.SuiteRunnerWorker.runSuite(SuiteRunnerWorker.java:52)
	at org.testng.SuiteRunnerWorker.run(SuiteRunnerWorker.java:86)
	at org.testng.TestNG.runSuitesSequentially(TestNG.java:1199)
	at org.testng.TestNG.runSuitesLocally(TestNG.java:1124)
	at org.testng.TestNG.run(TestNG.java:1032)
	at org.testng.remote.AbstractRemoteTestNG.run(AbstractRemoteTestNG.java:115)
	at org.testng.remote.RemoteTestNG.initAndRun(RemoteTestNG.java:251)
	at org.testng.remote.RemoteTestNG.main(RemoteTestNG.java:77)
]]>
    </failure>
  </testcase> <!-- Smoke_Test_amazon_aax_Dailydetails_Day2adcall -->
  <testcase name="Smoke_Test_Verify_hourly2_detailpage_bigad_adcall_FTL" time="0.015" classname="twc.Automation.SmokeTestCases.smokeTestCases"/>
  <testcase name="Smoke_Test_Verify_Air_Quality_contentpage_adCall_FTL" time="0.151" classname="twc.Automation.SmokeTestCases.smokeTestCases"/>
  <testcase name="Smoke_Test_CaseVerify_WeatherFXAPI_url_KillLaunch" time="65.979" classname="twc.Automation.SmokeTestCases.smokeTestCases"/>
  <testcase name="Smoke_Test_Verify_hourly1_detailpage_bigad_adcall_FTL" time="0.014" classname="twc.Automation.SmokeTestCases.smokeTestCases"/>
  <testcase name="Smoke_Test_amazon_aaxSlot_feed2_adcall" time="0.272" classname="twc.Automation.SmokeTestCases.smokeTestCases">
    <failure type="java.lang.AssertionError" message="slotID 752a96eb-3198-4991-b572-17ec04883b6c is not trigred for aax call db_display/feed/feed_2">
      <![CDATA[java.lang.AssertionError: slotID 752a96eb-3198-4991-b572-17ec04883b6c is not trigred for aax call db_display/feed/feed_2
	at org.testng.Assert.fail(Assert.java:94)
	at twc.Automation.General.Functions.get_aaxcal_feed2(Functions.java:6904)
	at twc.Automation.SmokeTestCases.smokeTestCases.Smoke_Test_amazon_aaxSlot_feed2_adcall(smokeTestCases.java:1002)
	at sun.reflect.NativeMethodAccessorImpl.invoke0(Native Method)
	at sun.reflect.NativeMethodAccessorImpl.invoke(NativeMethodAccessorImpl.java:62)
	at sun.reflect.DelegatingMethodAccessorImpl.invoke(DelegatingMethodAccessorImpl.java:43)
	at java.lang.reflect.Method.invoke(Method.java:498)
	at org.testng.internal.MethodInvocationHelper.invokeMethod(MethodInvocationHelper.java:85)
	at org.testng.internal.Invoker.invokeMethod(Invoker.java:659)
	at org.testng.internal.Invoker.invokeTestMethod(Invoker.java:845)
	at org.testng.internal.Invoker.invokeTestMethods(Invoker.java:1153)
	at org.testng.internal.TestMethodWorker.invokeTestMethods(TestMethodWorker.java:125)
[...]
	at org.testng.remote.RemoteTestNG.initAndRun(RemoteTestNG.java:251)
	at org.testng.remote.RemoteTestNG.main(RemoteTestNG.java:77)
]]>
    </failure>
  </testcase> <!-- Smoke_Test_Verifying_newdailydetails_day15adcall_FTL -->
  <testcase name="Smoke_Test_Verify_hourly3__bigad_detailpage_adcall_FTL" time="0.014" classname="twc.Automation.SmokeTestCases.smokeTestCases">
    <failure type="java.lang.AssertionError" message="/7646/app_android_us/db_display/details/hourly3 call was not trigred">
      <![CDATA[java.lang.AssertionError: /7646/app_android_us/db_display/details/hourly3 call was not trigred
	at org.testng.Assert.fail(Assert.java:94)
	at twc.Automation.General.Functions.Verify_hourly_detailpage_bigad3_adcall_iu(Functions.java:2818)
	at twc.Automation.SmokeTestCases.smokeTestCases.Smoke_Test_Verify_hourly3__bigad_detailpage_adcall_FTL(smokeTestCases.java:315)
	at sun.reflect.NativeMethodAccessorImpl.invoke0(Native Method)
	at sun.reflect.NativeMethodAccessorImpl.invoke(NativeMethodAccessorImpl.java:62)
	at sun.reflect.DelegatingMethodAccessorImpl.invoke(DelegatingMethodAccessorImpl.java:43)
	at java.lang.reflect.Method.invoke(Method.java:498)
	at org.testng.internal.MethodInvocationHelper.invokeMethod(MethodInvocationHelper.java:85)
	at org.testng.internal.Invoker.invokeMethod(Invoker.java:659)
	at org.testng.internal.Invoker.invokeTestMethod(Invoker.java:845)
	at org.testng.internal.Invoker.invokeTestMethods(Invoker.java:1153)
	at org.testng.internal.TestMethodWorker.invokeTestMethods(TestMethodWorker.java:125)
	at org.testng.internal.TestMethodWorker.run(TestMethodWorker.java:108)
	at org.testng.TestRunner.privateRun(TestRunner.java:771)
	at org.testng.TestRunner.run(TestRunner.java:621)
	at org.testng.SuiteRunner.runTest(SuiteRunner.java:357)
	at org.testng.SuiteRunner.runSequentially(SuiteRunner.java:352)
	at org.testng.SuiteRunner.privateRun(SuiteRunner.java:310)
	at org.testng.SuiteRunner.run(SuiteRunner.java:259)
	at org.testng.SuiteRunnerWorker.runSuite(SuiteRunnerWorker.java:52)
	at org.testng.SuiteRunnerWorker.run(SuiteRunnerWorker.java:86)
	at org.testng.TestNG.runSuitesSequentially(TestNG.java:1199)
	at org.testng.TestNG.runSuitesLocally(TestNG.java:1124)
	at org.testng.TestNG.run(TestNG.java:1032)
	at org.testng.remote.AbstractRemoteTestNG.run(AbstractRemoteTestNG.java:115)
	at org.testng.remote.RemoteTestNG.initAndRun(RemoteTestNG.java:251)
	at org.testng.remote.RemoteTestNG.main(RemoteTestNG.java:77)
]]>
    </failure>
  </testcase> <!-- Smoke_Test_Verify_hourly3__bigad_detailpage_adcall_FTL -->
  <testcase name="Smoke_Test_Verify_daily_feedcard_adCall_FTL" time="0.158" classname="twc.Automation.SmokeTestCases.smokeTestCases"/>
  <testcase name="Smoke_Test_amazon_aax_Daily_details_preroll_adcall" time="0.061" classname="twc.Automation.SmokeTestCases.smokeTestCases">
    <failure type="java.lang.AssertionError" message="slotID 6c5a145d-9198-48f4-adfd-08f05557eace is not trigred for daily details">
      <![CDATA[java.lang.AssertionError: slotID 6c5a145d-9198-48f4-adfd-08f05557eace is not trigred for daily details
	at org.testng.Assert.fail(Assert.java:94)
	at twc.Automation.General.Functions.get_aaxcal_Daily1(Functions.java:6888)
	at twc.Automation.SmokeTestCases.smokeTestCases.Smoke_Test_amazon_aax_Daily_details_preroll_adcall(smokeTestCases.java:702)
	at sun.reflect.NativeMethodAccessorImpl.invoke0(Native Method)
	at sun.reflect.NativeMethodAccessorImpl.invoke(NativeMethodAccessorImpl.java:62)
	at sun.reflect.DelegatingMethodAccessorImpl.invoke(DelegatingMethodAccessorImpl.java:43)
	at java.lang.reflect.Method.invoke(Method.java:498)
	at org.testng.internal.MethodInvocationHelper.invokeMethod(MethodInvocationHelper.java:85)
	at org.testng.internal.Invoker.invokeMethod(Invoker.java:659)
	at org.testng.internal.Invoker.invokeTestMethod(Invoker.java:845)
	at org.testng.internal.Invoker.invokeTestMethods(Invoker.java:1153)
	at org.testng.internal.TestMethodWorker.invokeTestMethods(TestMethodWorker.java:125)
	at org.testng.internal.TestMethodWorker.run(TestMethodWorker.java:108)
	at org.testng.TestRunner.privateRun(TestRunner.java:771)
	at org.testng.TestRunner.run(TestRunner.java:621)
	at org.testng.SuiteRunner.runTest(SuiteRunner.java:357)
	at org.testng.SuiteRunner.runSequentially(SuiteRunner.java:352)
	at org.testng.SuiteRunner.privateRun(SuiteRunner.java:310)
	at org.testng.SuiteRunner.run(SuiteRunner.java:259)
	at org.testng.SuiteRunnerWorker.runSuite(SuiteRunnerWorker.java:52)
	at org.testng.SuiteRunnerWorker.run(SuiteRunnerWorker.java:86)
	at org.testng.TestNG.runSuitesSequentially(TestNG.java:1199)
	at org.testng.TestNG.runSuitesLocally(TestNG.java:1124)
	at org.testng.TestNG.run(TestNG.java:1032)
	at org.testng.remote.AbstractRemoteTestNG.run(AbstractRemoteTestNG.java:115)
	at org.testng.remote.RemoteTestNG.initAndRun(RemoteTestNG.java:251)
	at org.testng.remote.RemoteTestNG.main(RemoteTestNG.java:77)
]]>
    </failure>
  </testcase> <!-- Smoke_Test_amazon_aax_Daily_details_preroll_adcall -->
  <testcase name="Smoke_Test_amazon_aax_mapsdetails_preload_adcall" time="0.060" classname="twc.Automation.SmokeTestCases.smokeTestCases">
    <failure type="java.lang.AssertionError" message="slotId 5db1161b-b504-4640-9496-dfe6284f84ab is not trigred for aax call db_display/details/maps">
      <![CDATA[java.lang.AssertionError: slotId 5db1161b-b504-4640-9496-dfe6284f84ab is not trigred for aax call db_display/details/maps
	at org.testng.Assert.fail(Assert.java:94)
	at twc.Automation.General.Functions.get_aaxcal_map_details(Functions.java:3768)
	at twc.Automation.SmokeTestCases.smokeTestCases.Smoke_Test_amazon_aax_mapsdetails_preload_adcall(smokeTestCases.java:654)
	at sun.reflect.NativeMethodAccessorImpl.invoke0(Native Method)
	at sun.reflect.NativeMethodAccessorImpl.invoke(NativeMethodAccessorImpl.java:62)
	at sun.reflect.DelegatingMethodAccessorImpl.invoke(DelegatingMethodAccessorImpl.java:43)
	at java.lang.reflect.Method.invoke(Method.java:498)
	at org.testng.internal.MethodInvocationHelper.invokeMethod(MethodInvocationHelper.java:85)
	at org.testng.internal.Invoker.invokeMethod(Invoker.java:659)
	at org.testng.internal.Invoker.invokeTestMethod(Invoker.java:845)
	at org.testng.internal.Invoker.invokeTestMethods(Invoker.java:1153)
	at org.testng.internal.TestMethodWorker.invokeTestMethods(TestMethodWorker.java:125)
	at org.testng.internal.TestMethodWorker.run(TestMethodWorker.java:108)
	at org.testng.TestRunner.privateRun(TestRunner.java:771)
	at org.testng.TestRunner.run(TestRunner.java:621)
	at org.testng.SuiteRunner.runTest(SuiteRunner.java:357)
	at org.testng.SuiteRunner.runSequentially(SuiteRunner.java:352)
	at org.testng.SuiteRunner.privateRun(SuiteRunner.java:310)
	at org.testng.SuiteRunner.run(SuiteRunner.java:259)
	at org.testng.SuiteRunnerWorker.runSuite(SuiteRunnerWorker.java:52)
	at org.testng.SuiteRunnerWorker.run(SuiteRunnerWorker.java:86)
	at org.testng.TestNG.runSuitesSequentially(TestNG.java:1199)
	at org.testng.TestNG.runSuitesLocally(TestNG.java:1124)
	at org.testng.TestNG.run(TestNG.java:1032)
	at org.testng.remote.AbstractRemoteTestNG.run(AbstractRemoteTestNG.java:115)
	at org.testng.remote.RemoteTestNG.initAndRun(RemoteTestNG.java:251)
	at org.testng.remote.RemoteTestNG.main(RemoteTestNG.java:77)
]]>
    </failure>
  </testcase> <!-- Smoke_Test_amazon_aax_mapsdetails_preload_adcall -->
  <testcase name="Smoke_Test_CaseVerify_Today_details_page_iu_FTL" time="0.187" classname="twc.Automation.SmokeTestCases.smokeTestCases"/>
  <testcase name="Smoke_Test_Verifying_newdailydetails_day13adcall_FTL" time="12.721" classname="twc.Automation.SmokeTestCases.smokeTestCases"/>
  <testcase name="Smoke_Test_amazon_aax_Dailydetails_Day6adcall" time="0.168" classname="twc.Automation.SmokeTestCases.smokeTestCases">
    <failure type="java.lang.AssertionError" message="slotID 6c5a145d-9198-48f4-adfd-08f05557eace is not trigred for db_display/details/10day_tue1">
      <![CDATA[java.lang.AssertionError: slotID 6c5a145d-9198-48f4-adfd-08f05557eace is not trigred for db_display/details/10day_tue1
	at org.testng.Assert.fail(Assert.java:94)
	at twc.Automation.General.Functions.get_aaxcal_Daily(Functions.java:3752)
	at twc.Automation.SmokeTestCases.smokeTestCases.Smoke_Test_amazon_aax_Dailydetails_Day6adcall(smokeTestCases.java:825)
	at sun.reflect.NativeMethodAccessorImpl.invoke0(Native Method)
	at sun.reflect.NativeMethodAccessorImpl.invoke(NativeMethodAccessorImpl.java:62)
	at sun.reflect.DelegatingMethodAccessorImpl.invoke(DelegatingMethodAccessorImpl.java:43)
	at java.lang.reflect.Method.invoke(Method.java:498)
	at org.testng.internal.MethodInvocationHelper.invokeMethod(MethodInvocationHelper.java:85)
	at org.testng.internal.Invoker.invokeMethod(Invoker.java:659)
	at org.testng.internal.Invoker.invokeTestMethod(Invoker.java:845)
	at org.testng.internal.Invoker.invokeTestMethods(Invoker.java:1153)
	at org.testng.internal.TestMethodWorker.invokeTestMethods(TestMethodWorker.java:125)
	at org.testng.internal.TestMethodWorker.run(TestMethodWorker.java:108)
	at org.testng.TestRunner.privateRun(TestRunner.java:771)
	at org.testng.TestRunner.run(TestRunner.java:621)
	at org.testng.SuiteRunner.runTest(SuiteRunner.java:357)
	at org.testng.SuiteRunner.runSequentially(SuiteRunner.java:352)
	at org.testng.SuiteRunner.privateRun(SuiteRunner.java:310)
	at org.testng.SuiteRunner.run(SuiteRunner.java:259)
	at org.testng.SuiteRunnerWorker.runSuite(SuiteRunnerWorker.java:52)
	at org.testng.SuiteRunnerWorker.run(SuiteRunnerWorker.java:86)
	at org.testng.TestNG.runSuitesSequentially(TestNG.java:1199)
	at org.testng.TestNG.runSuitesLocally(TestNG.java:1124)
	at org.testng.TestNG.run(TestNG.java:1032)
	at org.testng.remote.AbstractRemoteTestNG.run(AbstractRemoteTestNG.java:115)
	at org.testng.remote.RemoteTestNG.initAndRun(RemoteTestNG.java:251)
	at org.testng.remote.RemoteTestNG.main(RemoteTestNG.java:77)
]]>
    </failure>
  </testcase> <!-- Smoke_Test_amazon_aax_Dailydetails_Day6adcall -->
  <testcase name="Smoke_Test_amazon_aax_Dailydetails_Day14adcall" time="0.236" classname="twc.Automation.SmokeTestCases.smokeTestCases">
    <failure type="java.lang.AssertionError" message="slotID 6c5a145d-9198-48f4-adfd-08f05557eace is not trigred for db_display/details/10day_wed2">
      <![CDATA[java.lang.AssertionError: slotID 6c5a145d-9198-48f4-adfd-08f05557eace is not trigred for db_display/details/10day_wed2
	at org.testng.Assert.fail(Assert.java:94)
	at twc.Automation.General.Functions.get_aaxcal_Daily(Functions.java:3752)
	at twc.Automation.SmokeTestCases.smokeTestCases.Smoke_Test_amazon_aax_Dailydetails_Day14adcall(smokeTestCases.java:926)
	at sun.reflect.NativeMethodAccessorImpl.invoke0(Native Method)
	at sun.reflect.NativeMethodAccessorImpl.invoke(NativeMethodAccessorImpl.java:62)
	at sun.reflect.DelegatingMethodAccessorImpl.invoke(DelegatingMethodAccessorImpl.java:43)
	at java.lang.reflect.Method.invoke(Method.java:498)
	at org.testng.internal.MethodInvocationHelper.invokeMethod(MethodInvocationHelper.java:85)
	at org.testng.internal.Invoker.invokeMethod(Invoker.java:659)
	at org.testng.internal.Invoker.invokeTestMethod(Invoker.java:845)
	at org.testng.internal.Invoker.invokeTestMethods(Invoker.java:1153)
	at org.testng.internal.TestMethodWorker.invokeTestMethods(TestMethodWorker.java:125)
	at org.testng.internal.TestMethodWorker.run(TestMethodWorker.java:108)
	at org.testng.TestRunner.privateRun(TestRunner.java:771)
	at org.testng.TestRunner.run(TestRunner.java:621)
	at org.testng.SuiteRunner.runTest(SuiteRunner.java:357)
	at org.testng.SuiteRunner.runSequentially(SuiteRunner.java:352)
	at org.testng.SuiteRunner.privateRun(SuiteRunner.java:310)
	at org.testng.SuiteRunner.run(SuiteRunner.java:259)
	at org.testng.SuiteRunnerWorker.runSuite(SuiteRunnerWorker.java:52)
	at org.testng.SuiteRunnerWorker.run(SuiteRunnerWorker.java:86)
	at org.testng.TestNG.runSuitesSequentially(TestNG.java:1199)
	at org.testng.TestNG.runSuitesLocally(TestNG.java:1124)
	at org.testng.TestNG.run(TestNG.java:1032)
	at org.testng.remote.AbstractRemoteTestNG.run(AbstractRemoteTestNG.java:115)
	at org.testng.remote.RemoteTestNG.initAndRun(RemoteTestNG.java:251)
	at org.testng.remote.RemoteTestNG.main(RemoteTestNG.java:77)
]]>
    </failure>
  </testcase> <!-- Smoke_Test_amazon_aax_Dailydetails_Day14adcall -->
  <testcase name="Smoke_Test_amazon_aax_Dailydetails_Day11adcall" time="0.235" classname="twc.Automation.SmokeTestCases.smokeTestCases">
    <failure type="java.lang.AssertionError" message="slotID 6c5a145d-9198-48f4-adfd-08f05557eace is not trigred for db_display/details/10day_sun2">
      <![CDATA[java.lang.AssertionError: slotID 6c5a145d-9198-48f4-adfd-08f05557eace is not trigred for db_display/details/10day_sun2
	at org.testng.Assert.fail(Assert.java:94)
	at twc.Automation.General.Functions.get_aaxcal_Daily(Functions.java:3752)
	at twc.Automation.SmokeTestCases.smokeTestCases.Smoke_Test_amazon_aax_Dailydetails_Day11adcall(smokeTestCases.java:889)
	at sun.reflect.NativeMethodAccessorImpl.invoke0(Native Method)
	at sun.reflect.NativeMethodAccessorImpl.invoke(NativeMethodAccessorImpl.java:62)
	at sun.reflect.DelegatingMethodAccessorImpl.invoke(DelegatingMethodAccessorImpl.java:43)
	at java.lang.reflect.Method.invoke(Method.java:498)
	at org.testng.internal.MethodInvocationHelper.invokeMethod(MethodInvocationHelper.java:85)
	at org.testng.internal.Invoker.invokeMethod(Invoker.java:659)
	at org.testng.internal.Invoker.invokeTestMethod(Invoker.java:845)
	at org.testng.internal.Invoker.invokeTestMethods(Invoker.java:1153)
	at org.testng.internal.TestMethodWorker.invokeTestMethods(TestMethodWorker.java:125)
	at org.testng.internal.TestMethodWorker.run(TestMethodWorker.java:108)
	at org.testng.TestRunner.privateRun(TestRunner.java:771)
	at org.testng.TestRunner.run(TestRunner.java:621)
	at org.testng.SuiteRunner.runTest(SuiteRunner.java:357)
	at org.testng.SuiteRunner.runSequentially(SuiteRunner.java:352)
	at org.testng.SuiteRunner.privateRun(SuiteRunner.java:310)
	at org.testng.SuiteRunner.run(SuiteRunner.java:259)
	at org.testng.SuiteRunnerWorker.runSuite(SuiteRunnerWorker.java:52)
	at org.testng.SuiteRunnerWorker.run(SuiteRunnerWorker.java:86)
	at org.testng.TestNG.runSuitesSequentially(TestNG.java:1199)
	at org.testng.TestNG.runSuitesLocally(TestNG.java:1124)
	at org.testng.TestNG.run(TestNG.java:1032)
	at org.testng.remote.AbstractRemoteTestNG.run(AbstractRemoteTestNG.java:115)
	at org.testng.remote.RemoteTestNG.initAndRun(RemoteTestNG.java:251)
	at org.testng.remote.RemoteTestNG.main(RemoteTestNG.java:77)
]]>
    </failure>
  </testcase> <!-- Smoke_Test_amazon_aax_Dailydetails_Day11adcall -->
  <testcase name="Smoke_Test_Verifying_newdailydetails_day1adcall_FTL" time="24.419" classname="twc.Automation.SmokeTestCases.smokeTestCases"/>
  <testcase name="Smoke_Test_CaseVerify_Factualapi_url_KillLaunch" time="0.134" classname="twc.Automation.SmokeTestCases.smokeTestCases"/>
  <testcase name="Smoke_Test_amazon_aax_Daily_details_Day1_adcall" time="0.179" classname="twc.Automation.SmokeTestCases.smokeTestCases">
    <failure type="java.lang.AssertionError" message="slotID 6c5a145d-9198-48f4-adfd-08f05557eace is not trigred for db_display/details/10day_thu1">
      <![CDATA[java.lang.AssertionError: slotID 6c5a145d-9198-48f4-adfd-08f05557eace is not trigred for db_display/details/10day_thu1
	at org.testng.Assert.fail(Assert.java:94)
	at twc.Automation.General.Functions.get_aaxcal_Daily(Functions.java:3752)
	at twc.Automation.SmokeTestCases.smokeTestCases.Smoke_Test_amazon_aax_Daily_details_Day1_adcall(smokeTestCases.java:767)
	at sun.reflect.NativeMethodAccessorImpl.invoke0(Native Method)
	at sun.reflect.NativeMethodAccessorImpl.invoke(NativeMethodAccessorImpl.java:62)
	at sun.reflect.DelegatingMethodAccessorImpl.invoke(DelegatingMethodAccessorImpl.java:43)
	at java.lang.reflect.Method.invoke(Method.java:498)
	at org.testng.internal.MethodInvocationHelper.invokeMethod(MethodInvocationHelper.java:85)
	at org.testng.internal.Invoker.invokeMethod(Invoker.java:659)
	at org.testng.internal.Invoker.invokeTestMethod(Invoker.java:845)
	at org.testng.internal.Invoker.invokeTestMethods(Invoker.java:1153)
	at org.testng.internal.TestMethodWorker.invokeTestMethods(TestMethodWorker.java:125)
	at org.testng.internal.TestMethodWorker.run(TestMethodWorker.java:108)
	at org.testng.TestRunner.privateRun(TestRunner.java:771)
	at org.testng.TestRunner.run(TestRunner.java:621)
	at org.testng.SuiteRunner.runTest(SuiteRunner.java:357)
	at org.testng.SuiteRunner.runSequentially(SuiteRunner.java:352)
	at org.testng.SuiteRunner.privateRun(SuiteRunner.java:310)
	at org.testng.SuiteRunner.run(SuiteRunner.java:259)
	at org.testng.SuiteRunnerWorker.runSuite(SuiteRunnerWorker.java:52)
	at org.testng.SuiteRunnerWorker.run(SuiteRunnerWorker.java:86)
	at org.testng.TestNG.runSuitesSequentially(TestNG.java:1199)
	at org.testng.TestNG.runSuitesLocally(TestNG.java:1124)
	at org.testng.TestNG.run(TestNG.java:1032)
	at org.testng.remote.AbstractRemoteTestNG.run(AbstractRemoteTestNG.java:115)
	at org.testng.remote.RemoteTestNG.initAndRun(RemoteTestNG.java:251)
	at org.testng.remote.RemoteTestNG.main(RemoteTestNG.java:77)
]]>
    </failure>
  </testcase> <!-- Smoke_Test_amazon_aax_Daily_details_Day1_adcall -->
  <testcase name="Smoke_Test_Verifying_newdailydetails_day12adcall_FTL" time="12.605" classname="twc.Automation.SmokeTestCases.smokeTestCases"/>
  <testcase name="Smoke_Test_amazon_aax_Hourly1_bigaddetails_adcall" time="0.012" classname="twc.Automation.SmokeTestCases.smokeTestCases">
    <failure type="java.lang.AssertionError" message="slotID :: 08f0ccea-cab5-449c-963d-dc57ed9ee87dis not trigred for aax call db_display/details/hourly1">
      <![CDATA[java.lang.AssertionError: slotID :: 08f0ccea-cab5-449c-963d-dc57ed9ee87dis not trigred for aax call db_display/details/hourly1
	at org.testng.Assert.fail(Assert.java:94)
	at twc.Automation.General.Functions.get_aaxcal_Hourly1(Functions.java:3683)
	at twc.Automation.SmokeTestCases.smokeTestCases.Smoke_Test_amazon_aax_Hourly1_bigaddetails_adcall(smokeTestCases.java:726)
	at sun.reflect.NativeMethodAccessorImpl.invoke0(Native Method)
	at sun.reflect.NativeMethodAccessorImpl.invoke(NativeMethodAccessorImpl.java:62)
	at sun.reflect.DelegatingMethodAccessorImpl.invoke(DelegatingMethodAccessorImpl.java:43)
	at java.lang.reflect.Method.invoke(Method.java:498)
	at org.testng.internal.MethodInvocationHelper.invokeMethod(MethodInvocationHelper.java:85)
	at org.testng.internal.Invoker.invokeMethod(Invoker.java:659)
	at org.testng.internal.Invoker.invokeTestMethod(Invoker.java:845)
	at org.testng.internal.Invoker.invokeTestMethods(Invoker.java:1153)
	at org.testng.internal.TestMethodWorker.invokeTestMethods(TestMethodWorker.java:125)
	at org.testng.internal.TestMethodWorker.run(TestMethodWorker.java:108)
	at org.testng.TestRunner.privateRun(TestRunner.java:771)
	at org.testng.TestRunner.run(TestRunner.java:621)
	at org.testng.SuiteRunner.runTest(SuiteRunner.java:357)
	at org.testng.SuiteRunner.runSequentially(SuiteRunner.java:352)
	at org.testng.SuiteRunner.privateRun(SuiteRunner.java:310)
	at org.testng.SuiteRunner.run(SuiteRunner.java:259)
	at org.testng.SuiteRunnerWorker.runSuite(SuiteRunnerWorker.java:52)
	at org.testng.SuiteRunnerWorker.run(SuiteRunnerWorker.java:86)
	at org.testng.TestNG.runSuitesSequentially(TestNG.java:1199)
	at org.testng.TestNG.runSuitesLocally(TestNG.java:1124)
	at org.testng.TestNG.run(TestNG.java:1032)
	at org.testng.remote.AbstractRemoteTestNG.run(AbstractRemoteTestNG.java:115)
	at org.testng.remote.RemoteTestNG.initAndRun(RemoteTestNG.java:251)
	at org.testng.remote.RemoteTestNG.main(RemoteTestNG.java:77)
]]>
    </failure>
  </testcase> <!-- Smoke_Test_amazon_aax_Hourly1_bigaddetails_adcall -->
  <testcase name="Smoke_Test_CaseVerify_Homescreen_marquee_adCall_FTL" time="782.307" classname="twc.Automation.SmokeTestCases.smokeTestCases"/>
</testsuite> <!-- twc.Automation.SmokeTestCases.smokeTestCases -->
